# JRE version: OpenJDK Runtime Environment (11.0.12+7) (build 11.0.12+7-b1504.28-7817840)
# Java VM: OpenJDK 64-Bit Server VM (11.0.12+7-b1504.28-7817840, mixed mode, tiered, compressed oops, g1 gc, windows-amd64)
Heap:
 garbage-first heap   total 120832K, used 67031K [0x0000000080000000, 0x0000000100000000)
  region size 1024K, 47 young (48128K), 8 survivors (8192K)
 Metaspace       used 43963K, capacity 44937K, committed 45132K, reserved 1089536K
  class space    used 5567K, capacity 5935K, committed 5964K, reserved 1048576K
GC Heap History (14 events):
Event: 0.372 GC heap before
{Heap before GC invocations=0 (full 0):
 garbage-first heap   total 120832K, used 29696K [0x0000000080000000, 0x0000000100000000)
  region size 1024K, 24 young (24576K), 0 survivors (0K)
 Metaspace       used 9822K, capacity 10024K, committed 10112K, reserved 1058816K
  class space    used 1007K, capacity 1069K, committed 1152K, reserved 1048576K
}
Event: 0.376 GC heap after
{Heap after GC invocations=1 (full 0):
 garbage-first heap   total 120832K, used 9413K [0x0000000080000000, 0x0000000100000000)
  region size 1024K, 3 young (3072K), 3 survivors (3072K)
 Metaspace       used 9822K, capacity 10024K, committed 10112K, reserved 1058816K
  class space    used 1007K, capacity 1069K, committed 1152K, reserved 1048576K
}
Event: 1.400 GC heap before
{Heap before GC invocations=1 (full 0):
 garbage-first heap   total 120832K, used 78021K [0x0000000080000000, 0x0000000100000000)
  region size 1024K, 70 young (71680K), 3 survivors (3072K)
 Metaspace       used 16543K, capacity 16944K, committed 17152K, reserved 1064960K
  class space    used 1886K, capacity 2034K, committed 2048K, reserved 1048576K
}
Event: 1.405 GC heap after
{Heap after GC invocations=2 (full 0):
 garbage-first heap   total 120832K, used 16502K [0x0000000080000000, 0x0000000100000000)
  region size 1024K, 9 young (9216K), 9 survivors (9216K)
 Metaspace       used 16543K, capacity 16944K, committed 17152K, reserved 1064960K
  class space    used 1886K, capacity 2034K, committed 2048K, reserved 1048576K
}
Event: 1.680 GC heap before
{Heap before GC invocations=2 (full 0):
 garbage-first heap   total 120832K, used 53366K [0x0000000080000000, 0x0000000100000000)
  region size 1024K, 46 young (47104K), 9 survivors (9216K)
 Metaspace       used 20759K, capacity 21139K, committed 21248K, reserved 1067008K
  class space    used 2536K, capacity 2710K, committed 2816K, reserved 1048576K
}
Event: 1.686 GC heap after
{Heap after GC invocations=3 (full 0):
 garbage-first heap   total 120832K, used 17650K [0x0000000080000000, 0x0000000100000000)
  region size 1024K, 2 young (2048K), 2 survivors (2048K)
 Metaspace       used 20759K, capacity 21139K, committed 21248K, reserved 1067008K
  class space    used 2536K, capacity 2710K, committed 2816K, reserved 1048576K
}
Event: 2.144 GC heap before
{Heap before GC invocations=4 (full 0):
 garbage-first heap   total 120832K, used 68850K [0x0000000080000000, 0x0000000100000000)
  region size 1024K, 52 young (53248K), 2 survivors (2048K)
 Metaspace       used 26138K, capacity 26730K, committed 27008K, reserved 1073152K
  class space    used 3408K, capacity 3648K, committed 3712K, reserved 1048576K
}
Event: 2.146 GC heap after
{Heap after GC invocations=5 (full 0):
 garbage-first heap   total 120832K, used 19486K [0x0000000080000000, 0x0000000100000000)
  region size 1024K, 4 young (4096K), 4 survivors (4096K)
 Metaspace       used 26138K, capacity 26730K, committed 27008K, reserved 1073152K
  class space    used 3408K, capacity 3648K, committed 3712K, reserved 1048576K
}
Event: 2.711 GC heap before
{Heap before GC invocations=5 (full 0):
 garbage-first heap   total 120832K, used 74782K [0x0000000080000000, 0x0000000100000000)
  region size 1024K, 58 young (59392K), 4 survivors (4096K)
 Metaspace       used 31794K, capacity 32559K, committed 32768K, reserved 1077248K
  class space    used 4249K, capacity 4551K, committed 4608K, reserved 1048576K
}
Event: 2.714 GC heap after
{Heap after GC invocations=6 (full 0):
 garbage-first heap   total 120832K, used 21434K [0x0000000080000000, 0x0000000100000000)
  region size 1024K, 6 young (6144K), 6 survivors (6144K)
 Metaspace       used 31794K, capacity 32559K, committed 32768K, reserved 1077248K
  class space    used 4249K, capacity 4551K, committed 4608K, reserved 1048576K
}
Event: 2.850 GC heap before
{Heap before GC invocations=6 (full 0):
 garbage-first heap   total 120832K, used 28602K [0x0000000080000000, 0x0000000100000000)
  region size 1024K, 14 young (14336K), 6 survivors (6144K)
 Metaspace       used 35017K, capacity 35805K, committed 35840K, reserved 1081344K
  class space    used 4524K, capacity 4844K, committed 4864K, reserved 1048576K
}
Event: 2.856 GC heap after
{Heap after GC invocations=7 (full 0):
 garbage-first heap   total 120832K, used 22849K [0x0000000080000000, 0x0000000100000000)
  region size 1024K, 6 young (6144K), 6 survivors (6144K)
 Metaspace       used 35017K, capacity 35805K, committed 35840K, reserved 1081344K
  class space    used 4524K, capacity 4844K, committed 4864K, reserved 1048576K
}
Event: 3.269 GC heap before
{Heap before GC invocations=8 (full 0):
 garbage-first heap   total 120832K, used 84289K [0x0000000080000000, 0x0000000100000000)
  region size 1024K, 64 young (65536K), 6 survivors (6144K)
 Metaspace       used 39802K, capacity 40667K, committed 40780K, reserved 1085440K
  class space    used 5070K, capacity 5395K, committed 5452K, reserved 1048576K
}
Event: 3.275 GC heap after
{Heap after GC invocations=9 (full 0):
 garbage-first heap   total 120832K, used 28119K [0x0000000080000000, 0x0000000100000000)
  region size 1024K, 8 young (8192K), 8 survivors (8192K)
 Metaspace       used 39802K, capacity 40667K, committed 40780K, reserved 1085440K
  class space    used 5070K, capacity 5395K, committed 5452K, reserved 1048576K
}

