# JRE version: OpenJDK Runtime Environment (11.0.12+7) (build 11.0.12+7-b1504.28-7817840)
# Java VM: OpenJDK 64-Bit Server VM (11.0.12+7-b1504.28-7817840, mixed mode, tiered, compressed oops, g1 gc, windows-amd64)
Heap:
 garbage-first heap   total 317440K, used 165029K [0x0000000080000000, 0x0000000100000000)
  region size 1024K, 42 young (43008K), 9 survivors (9216K)
 Metaspace       used 121375K, capacity 125162K, committed 128128K, reserved 1159168K
  class space    used 15382K, capacity 16875K, committed 18124K, reserved 1048576K
GC Heap History (20 events):
Event: 40.913 GC heap before
{Heap before GC invocations=38 (full 0):
 garbage-first heap   total 210944K, used 135568K [0x0000000080000000, 0x0000000100000000)
  region size 1024K, 10 young (10240K), 3 survivors (3072K)
 Metaspace       used 105063K, capacity 107891K, committed 108160K, reserved 1142784K
  class space    used 13204K, capacity 14247K, committed 14284K, reserved 1048576K
}
Event: 40.920 GC heap after
{Heap after GC invocations=39 (full 0):
 garbage-first heap   total 210944K, used 126798K [0x0000000080000000, 0x0000000100000000)
  region size 1024K, 1 young (1024K), 1 survivors (1024K)
 Metaspace       used 105063K, capacity 107891K, committed 108160K, reserved 1142784K
  class space    used 13204K, capacity 14247K, committed 14284K, reserved 1048576K
}
Event: 41.274 GC heap before
{Heap before GC invocations=39 (full 0):
 garbage-first heap   total 210944K, used 170830K [0x0000000080000000, 0x0000000100000000)
  region size 1024K, 45 young (46080K), 1 survivors (1024K)
 Metaspace       used 109132K, capacity 112448K, committed 112512K, reserved 1146880K
  class space    used 13819K, capacity 15025K, committed 15052K, reserved 1048576K
}
Event: 41.287 GC heap after
{Heap after GC invocations=40 (full 0):
 garbage-first heap   total 210944K, used 135314K [0x0000000080000000, 0x0000000100000000)
  region size 1024K, 6 young (6144K), 6 survivors (6144K)
 Metaspace       used 109132K, capacity 112448K, committed 112512K, reserved 1146880K
  class space    used 13819K, capacity 15025K, committed 15052K, reserved 1048576K
}
Event: 41.598 GC heap before
{Heap before GC invocations=41 (full 0):
 garbage-first heap   total 210944K, used 172178K [0x0000000080000000, 0x0000000100000000)
  region size 1024K, 43 young (44032K), 6 survivors (6144K)
 Metaspace       used 114578K, capacity 118861K, committed 119040K, reserved 1150976K
  class space    used 14940K, capacity 16665K, committed 16716K, reserved 1048576K
}
Event: 41.649 GC heap after
{Heap after GC invocations=42 (full 0):
 garbage-first heap   total 210944K, used 140301K [0x0000000080000000, 0x0000000100000000)
  region size 1024K, 5 young (5120K), 5 survivors (5120K)
 Metaspace       used 114578K, capacity 118861K, committed 119040K, reserved 1150976K
  class space    used 14940K, capacity 16665K, committed 16716K, reserved 1048576K
}
Event: 41.702 GC heap before
{Heap before GC invocations=42 (full 0):
 garbage-first heap   total 210944K, used 145421K [0x0000000080000000, 0x0000000100000000)
  region size 1024K, 10 young (10240K), 5 survivors (5120K)
 Metaspace       used 114996K, capacity 119354K, committed 119680K, reserved 1153024K
  class space    used 14998K, capacity 16743K, committed 16844K, reserved 1048576K
}
Event: 41.786 GC heap after
{Heap after GC invocations=43 (full 0):
 garbage-first heap   total 210944K, used 123692K [0x0000000080000000, 0x0000000100000000)
  region size 1024K, 2 young (2048K), 2 survivors (2048K)
 Metaspace       used 114996K, capacity 119354K, committed 119680K, reserved 1153024K
  class space    used 14998K, capacity 16743K, committed 16844K, reserved 1048576K
}
Event: 41.869 GC heap before
{Heap before GC invocations=43 (full 0):
 garbage-first heap   total 210944K, used 131884K [0x0000000080000000, 0x0000000100000000)
  region size 1024K, 10 young (10240K), 2 survivors (2048K)
 Metaspace       used 115871K, capacity 120344K, committed 120576K, reserved 1153024K
  class space    used 15148K, capacity 16935K, committed 16972K, reserved 1048576K
}
Event: 41.875 GC heap after
{Heap after GC invocations=44 (full 0):
 garbage-first heap   total 210944K, used 123588K [0x0000000080000000, 0x0000000100000000)
  region size 1024K, 1 young (1024K), 1 survivors (1024K)
 Metaspace       used 115871K, capacity 120344K, committed 120576K, reserved 1153024K
  class space    used 15148K, capacity 16935K, committed 16972K, reserved 1048576K
}
Event: 41.991 GC heap before
{Heap before GC invocations=44 (full 0):
 garbage-first heap   total 210944K, used 166596K [0x0000000080000000, 0x0000000100000000)
  region size 1024K, 43 young (44032K), 1 survivors (1024K)
 Metaspace       used 117249K, capacity 121897K, committed 122112K, reserved 1155072K
  class space    used 15354K, capacity 17223K, committed 17228K, reserved 1048576K
}
Event: 41.994 GC heap after
{Heap after GC invocations=45 (full 0):
 garbage-first heap   total 210944K, used 124770K [0x0000000080000000, 0x0000000100000000)
  region size 1024K, 3 young (3072K), 3 survivors (3072K)
 Metaspace       used 117249K, capacity 121897K, committed 122112K, reserved 1155072K
  class space    used 15354K, capacity 17223K, committed 17228K, reserved 1048576K
}
Event: 42.174 GC heap before
{Heap before GC invocations=45 (full 0):
 garbage-first heap   total 210944K, used 162658K [0x0000000080000000, 0x0000000100000000)
  region size 1024K, 42 young (43008K), 3 survivors (3072K)
 Metaspace       used 119024K, capacity 123870K, committed 124032K, reserved 1155072K
  class space    used 15531K, capacity 17502K, committed 17612K, reserved 1048576K
}
Event: 42.180 GC heap after
{Heap after GC invocations=46 (full 0):
 garbage-first heap   total 210944K, used 125417K [0x0000000080000000, 0x0000000100000000)
  region size 1024K, 3 young (3072K), 3 survivors (3072K)
 Metaspace       used 119024K, capacity 123870K, committed 124032K, reserved 1155072K
  class space    used 15531K, capacity 17502K, committed 17612K, reserved 1048576K
}
Event: 42.600 GC heap before
{Heap before GC invocations=47 (full 0):
 garbage-first heap   total 210944K, used 171497K [0x0000000080000000, 0x0000000100000000)
  region size 1024K, 48 young (49152K), 3 survivors (3072K)
 Metaspace       used 118846K, capacity 122562K, committed 125824K, reserved 1157120K
  class space    used 15090K, capacity 16522K, committed 17868K, reserved 1048576K
}
Event: 42.607 GC heap after
{Heap after GC invocations=48 (full 0):
 garbage-first heap   total 210944K, used 129908K [0x0000000080000000, 0x0000000100000000)
  region size 1024K, 6 young (6144K), 6 survivors (6144K)
 Metaspace       used 118846K, capacity 122562K, committed 125824K, reserved 1157120K
  class space    used 15090K, capacity 16522K, committed 17868K, reserved 1048576K
}
Event: 42.665 GC heap before
{Heap before GC invocations=48 (full 0):
 garbage-first heap   total 210944K, used 132980K [0x0000000080000000, 0x0000000100000000)
  region size 1024K, 10 young (10240K), 6 survivors (6144K)
 Metaspace       used 118878K, capacity 122566K, committed 125824K, reserved 1157120K
  class space    used 15090K, capacity 16522K, committed 17868K, reserved 1048576K
}
Event: 42.687 GC heap after
{Heap after GC invocations=49 (full 0):
 garbage-first heap   total 317440K, used 126054K [0x0000000080000000, 0x0000000100000000)
  region size 1024K, 2 young (2048K), 2 survivors (2048K)
 Metaspace       used 118878K, capacity 122566K, committed 125824K, reserved 1157120K
  class space    used 15090K, capacity 16522K, committed 17868K, reserved 1048576K
}
Event: 80.316 GC heap before
{Heap before GC invocations=49 (full 0):
 garbage-first heap   total 317440K, used 267366K [0x0000000080000000, 0x0000000100000000)
  region size 1024K, 97 young (99328K), 2 survivors (2048K)
 Metaspace       used 121264K, capacity 125065K, committed 128128K, reserved 1159168K
  class space    used 15378K, capacity 16868K, committed 18124K, reserved 1048576K
}
Event: 80.335 GC heap after
{Heap after GC invocations=50 (full 0):
 garbage-first heap   total 317440K, used 132261K [0x0000000080000000, 0x0000000100000000)
  region size 1024K, 9 young (9216K), 9 survivors (9216K)
 Metaspace       used 121264K, capacity 125065K, committed 128128K, reserved 1159168K
  class space    used 15378K, capacity 16868K, committed 18124K, reserved 1048576K
}

