# JRE version: OpenJDK Runtime Environment (11.0.12+7) (build 11.0.12+7-b1504.28-7817840)
# Java VM: OpenJDK 64-Bit Server VM (11.0.12+7-b1504.28-7817840, mixed mode, tiered, compressed oops, g1 gc, windows-amd64)
Heap:
 garbage-first heap   total 159744K, used 101671K [0x0000000080000000, 0x0000000100000000)
  region size 1024K, 59 young (60416K), 8 survivors (8192K)
 Metaspace       used 67516K, capacity 69078K, committed 69372K, reserved 1110016K
  class space    used 8588K, capacity 9188K, committed 9344K, reserved 1048576K
GC Heap History (20 events):
Event: 1.517 GC heap before
{Heap before GC invocations=1 (full 0):
 garbage-first heap   total 120832K, used 77491K [0x0000000080000000, 0x0000000100000000)
  region size 1024K, 70 young (71680K), 3 survivors (3072K)
 Metaspace       used 16533K, capacity 16940K, committed 17152K, reserved 1064960K
  class space    used 1886K, capacity 2034K, committed 2048K, reserved 1048576K
}
Event: 1.534 GC heap after
{Heap after GC invocations=2 (full 0):
 garbage-first heap   total 120832K, used 15438K [0x0000000080000000, 0x0000000100000000)
  region size 1024K, 9 young (9216K), 9 survivors (9216K)
 Metaspace       used 16533K, capacity 16940K, committed 17152K, reserved 1064960K
  class space    used 1886K, capacity 2034K, committed 2048K, reserved 1048576K
}
Event: 1.851 GC heap before
{Heap before GC invocations=2 (full 0):
 garbage-first heap   total 120832K, used 51278K [0x0000000080000000, 0x0000000100000000)
  region size 1024K, 46 young (47104K), 9 survivors (9216K)
 Metaspace       used 20729K, capacity 21167K, committed 21296K, reserved 1069056K
  class space    used 2534K, capacity 2678K, committed 2688K, reserved 1048576K
}
Event: 1.883 GC heap after
{Heap after GC invocations=3 (full 0):
 garbage-first heap   total 120832K, used 16787K [0x0000000080000000, 0x0000000100000000)
  region size 1024K, 2 young (2048K), 2 survivors (2048K)
 Metaspace       used 20729K, capacity 21167K, committed 21296K, reserved 1069056K
  class space    used 2534K, capacity 2678K, committed 2688K, reserved 1048576K
}
Event: 2.402 GC heap before
{Heap before GC invocations=4 (full 0):
 garbage-first heap   total 120832K, used 67987K [0x0000000080000000, 0x0000000100000000)
  region size 1024K, 52 young (53248K), 2 survivors (2048K)
 Metaspace       used 26152K, capacity 26745K, committed 26928K, reserved 1073152K
  class space    used 3372K, capacity 3585K, committed 3712K, reserved 1048576K
}
Event: 2.404 GC heap after
{Heap after GC invocations=5 (full 0):
 garbage-first heap   total 120832K, used 18742K [0x0000000080000000, 0x0000000100000000)
  region size 1024K, 4 young (4096K), 4 survivors (4096K)
 Metaspace       used 26152K, capacity 26745K, committed 26928K, reserved 1073152K
  class space    used 3372K, capacity 3585K, committed 3712K, reserved 1048576K
}
Event: 2.836 GC heap before
{Heap before GC invocations=5 (full 0):
 garbage-first heap   total 120832K, used 74038K [0x0000000080000000, 0x0000000100000000)
  region size 1024K, 58 young (59392K), 4 survivors (4096K)
 Metaspace       used 32210K, capacity 32974K, committed 33200K, reserved 1077248K
  class space    used 4279K, capacity 4562K, committed 4608K, reserved 1048576K
}
Event: 2.838 GC heap after
{Heap after GC invocations=6 (full 0):
 garbage-first heap   total 120832K, used 21011K [0x0000000080000000, 0x0000000100000000)
  region size 1024K, 6 young (6144K), 6 survivors (6144K)
 Metaspace       used 32210K, capacity 32974K, committed 33200K, reserved 1077248K
  class space    used 4279K, capacity 4562K, committed 4608K, reserved 1048576K
}
Event: 2.938 GC heap before
{Heap before GC invocations=6 (full 0):
 garbage-first heap   total 120832K, used 26131K [0x0000000080000000, 0x0000000100000000)
  region size 1024K, 12 young (12288K), 6 survivors (6144K)
 Metaspace       used 34829K, capacity 35626K, committed 35708K, reserved 1081344K
  class space    used 4486K, capacity 4807K, committed 4864K, reserved 1048576K
}
Event: 2.945 GC heap after
{Heap after GC invocations=7 (full 0):
 garbage-first heap   total 120832K, used 22018K [0x0000000080000000, 0x0000000100000000)
  region size 1024K, 4 young (4096K), 4 survivors (4096K)
 Metaspace       used 34829K, capacity 35626K, committed 35708K, reserved 1081344K
  class space    used 4486K, capacity 4807K, committed 4864K, reserved 1048576K
}
Event: 3.344 GC heap before
{Heap before GC invocations=8 (full 0):
 garbage-first heap   total 120832K, used 78338K [0x0000000080000000, 0x0000000100000000)
  region size 1024K, 57 young (58368K), 4 survivors (4096K)
 Metaspace       used 39516K, capacity 40470K, committed 40572K, reserved 1085440K
  class space    used 5023K, capacity 5353K, committed 5376K, reserved 1048576K
}
Event: 3.348 GC heap after
{Heap after GC invocations=9 (full 0):
 garbage-first heap   total 159744K, used 26530K [0x0000000080000000, 0x0000000100000000)
  region size 1024K, 8 young (8192K), 8 survivors (8192K)
 Metaspace       used 39516K, capacity 40470K, committed 40572K, reserved 1085440K
  class space    used 5023K, capacity 5353K, committed 5376K, reserved 1048576K
}
Event: 3.937 GC heap before
{Heap before GC invocations=9 (full 0):
 garbage-first heap   total 159744K, used 100258K [0x0000000080000000, 0x0000000100000000)
  region size 1024K, 79 young (80896K), 8 survivors (8192K)
 Metaspace       used 45846K, capacity 46933K, committed 47228K, reserved 1089536K
  class space    used 5883K, capacity 6282K, committed 6400K, reserved 1048576K
}
Event: 3.942 GC heap after
{Heap after GC invocations=10 (full 0):
 garbage-first heap   total 159744K, used 29038K [0x0000000080000000, 0x0000000100000000)
  region size 1024K, 8 young (8192K), 8 survivors (8192K)
 Metaspace       used 45846K, capacity 46933K, committed 47228K, reserved 1089536K
  class space    used 5883K, capacity 6282K, committed 6400K, reserved 1048576K
}
Event: 4.641 GC heap before
{Heap before GC invocations=10 (full 0):
 garbage-first heap   total 159744K, used 111982K [0x0000000080000000, 0x0000000100000000)
  region size 1024K, 86 young (88064K), 8 survivors (8192K)
 Metaspace       used 49196K, capacity 50476K, committed 50812K, reserved 1093632K
  class space    used 6283K, capacity 6793K, committed 6912K, reserved 1048576K
}
Event: 4.646 GC heap after
{Heap after GC invocations=11 (full 0):
 garbage-first heap   total 159744K, used 42195K [0x0000000080000000, 0x0000000100000000)
  region size 1024K, 11 young (11264K), 11 survivors (11264K)
 Metaspace       used 49196K, capacity 50476K, committed 50812K, reserved 1093632K
  class space    used 6283K, capacity 6793K, committed 6912K, reserved 1048576K
}
Event: 5.285 GC heap before
{Heap before GC invocations=11 (full 0):
 garbage-first heap   total 159744K, used 110803K [0x0000000080000000, 0x0000000100000000)
  region size 1024K, 79 young (80896K), 11 survivors (11264K)
 Metaspace       used 58440K, capacity 59821K, committed 59900K, reserved 1101824K
  class space    used 7436K, capacity 7995K, committed 8064K, reserved 1048576K
}
Event: 5.301 GC heap after
{Heap after GC invocations=12 (full 0):
 garbage-first heap   total 159744K, used 45710K [0x0000000080000000, 0x0000000100000000)
  region size 1024K, 4 young (4096K), 4 survivors (4096K)
 Metaspace       used 58440K, capacity 59821K, committed 59900K, reserved 1101824K
  class space    used 7436K, capacity 7995K, committed 8064K, reserved 1048576K
}
Event: 5.825 GC heap before
{Heap before GC invocations=13 (full 0):
 garbage-first heap   total 159744K, used 115342K [0x0000000080000000, 0x0000000100000000)
  region size 1024K, 72 young (73728K), 4 survivors (4096K)
 Metaspace       used 65470K, capacity 67117K, committed 67196K, reserved 1107968K
  class space    used 8298K, capacity 8900K, committed 8960K, reserved 1048576K
}
Event: 5.831 GC heap after
{Heap after GC invocations=14 (full 0):
 garbage-first heap   total 159744K, used 50471K [0x0000000080000000, 0x0000000100000000)
  region size 1024K, 8 young (8192K), 8 survivors (8192K)
 Metaspace       used 65470K, capacity 67117K, committed 67196K, reserved 1107968K
  class space    used 8298K, capacity 8900K, committed 8960K, reserved 1048576K
}

