# JRE version: OpenJDK Runtime Environment (11.0.12+7) (build 11.0.12+7-b1504.28-7817840)
# Java VM: OpenJDK 64-Bit Server VM (11.0.12+7-b1504.28-7817840, mixed mode, tiered, compressed oops, g1 gc, windows-amd64)
Heap:
 garbage-first heap   total 519168K, used 176591K [0x0000000080000000, 0x0000000100000000)
  region size 1024K, 8 young (8192K), 8 survivors (8192K)
 Metaspace       used 97767K, capacity 100680K, committed 101248K, reserved 1136640K
  class space    used 12829K, capacity 14068K, committed 14284K, reserved 1048576K
GC Heap History (20 events):
Event: 11.042 GC heap after
{Heap after GC invocations=25 (full 0):
 garbage-first heap   total 175104K, used 81361K [0x0000000080000000, 0x0000000100000000)
  region size 1024K, 3 young (3072K), 3 survivors (3072K)
 Metaspace       used 88309K, capacity 91045K, committed 91264K, reserved 1128448K
  class space    used 11604K, capacity 12629K, committed 12748K, reserved 1048576K
}
Event: 11.296 GC heap before
{Heap before GC invocations=25 (full 0):
 garbage-first heap   total 175104K, used 139729K [0x0000000080000000, 0x0000000100000000)
  region size 1024K, 61 young (62464K), 3 survivors (3072K)
 Metaspace       used 89942K, capacity 92631K, committed 92928K, reserved 1130496K
  class space    used 11767K, capacity 12769K, committed 12876K, reserved 1048576K
}
Event: 11.302 GC heap after
{Heap after GC invocations=26 (full 0):
 garbage-first heap   total 175104K, used 85729K [0x0000000080000000, 0x0000000100000000)
  region size 1024K, 7 young (7168K), 7 survivors (7168K)
 Metaspace       used 89942K, capacity 92631K, committed 92928K, reserved 1130496K
  class space    used 11767K, capacity 12769K, committed 12876K, reserved 1048576K
}
Event: 11.432 GC heap before
{Heap before GC invocations=27 (full 0):
 garbage-first heap   total 175104K, used 142049K [0x0000000080000000, 0x0000000100000000)
  region size 1024K, 63 young (64512K), 7 survivors (7168K)
 Metaspace       used 90504K, capacity 92855K, committed 94080K, reserved 1130496K
  class space    used 11718K, capacity 12594K, committed 13004K, reserved 1048576K
}
Event: 11.439 GC heap after
{Heap after GC invocations=28 (full 0):
 garbage-first heap   total 210944K, used 90421K [0x0000000080000000, 0x0000000100000000)
  region size 1024K, 5 young (5120K), 5 survivors (5120K)
 Metaspace       used 90504K, capacity 92855K, committed 94080K, reserved 1130496K
  class space    used 11718K, capacity 12594K, committed 13004K, reserved 1048576K
}
Event: 11.513 GC heap before
{Heap before GC invocations=28 (full 0):
 garbage-first heap   total 210944K, used 161077K [0x0000000080000000, 0x0000000100000000)
  region size 1024K, 75 young (76800K), 5 survivors (5120K)
 Metaspace       used 91407K, capacity 93738K, committed 94976K, reserved 1130496K
  class space    used 11821K, capacity 12695K, committed 13132K, reserved 1048576K
}
Event: 11.519 GC heap after
{Heap after GC invocations=29 (full 0):
 garbage-first heap   total 210944K, used 103896K [0x0000000080000000, 0x0000000100000000)
  region size 1024K, 10 young (10240K), 10 survivors (10240K)
 Metaspace       used 91407K, capacity 93738K, committed 94976K, reserved 1130496K
  class space    used 11821K, capacity 12695K, committed 13132K, reserved 1048576K
}
Event: 11.601 GC heap before
{Heap before GC invocations=29 (full 0):
 garbage-first heap   total 210944K, used 165336K [0x0000000080000000, 0x0000000100000000)
  region size 1024K, 71 young (72704K), 10 survivors (10240K)
 Metaspace       used 92001K, capacity 94316K, committed 95616K, reserved 1132544K
  class space    used 11916K, capacity 12802K, committed 13260K, reserved 1048576K
}
Event: 11.618 GC heap after
{Heap after GC invocations=30 (full 0):
 garbage-first heap   total 210944K, used 117760K [0x0000000080000000, 0x0000000100000000)
  region size 1024K, 9 young (9216K), 9 survivors (9216K)
 Metaspace       used 92001K, capacity 94316K, committed 95616K, reserved 1132544K
  class space    used 11916K, capacity 12802K, committed 13260K, reserved 1048576K
}
Event: 11.763 GC heap before
{Heap before GC invocations=30 (full 0):
 garbage-first heap   total 210944K, used 166912K [0x0000000080000000, 0x0000000100000000)
  region size 1024K, 58 young (59392K), 9 survivors (9216K)
 Metaspace       used 93667K, capacity 96199K, committed 96768K, reserved 1132544K
  class space    used 12200K, capacity 13179K, committed 13388K, reserved 1048576K
}
Event: 11.773 GC heap after
{Heap after GC invocations=31 (full 0):
 garbage-first heap   total 210944K, used 124662K [0x0000000080000000, 0x0000000100000000)
  region size 1024K, 8 young (8192K), 8 survivors (8192K)
 Metaspace       used 93667K, capacity 96199K, committed 96768K, reserved 1132544K
  class space    used 12200K, capacity 13179K, committed 13388K, reserved 1048576K
}
Event: 11.907 GC heap before
{Heap before GC invocations=31 (full 0):
 garbage-first heap   total 210944K, used 169718K [0x0000000080000000, 0x0000000100000000)
  region size 1024K, 52 young (53248K), 8 survivors (8192K)
 Metaspace       used 94711K, capacity 97382K, committed 97920K, reserved 1134592K
  class space    used 12300K, capacity 13336K, committed 13516K, reserved 1048576K
}
Event: 11.927 GC heap after
{Heap after GC invocations=32 (full 0):
 garbage-first heap   total 271360K, used 131439K [0x0000000080000000, 0x0000000100000000)
  region size 1024K, 7 young (7168K), 7 survivors (7168K)
 Metaspace       used 94711K, capacity 97382K, committed 97920K, reserved 1134592K
  class space    used 12300K, capacity 13336K, committed 13516K, reserved 1048576K
}
Event: 12.086 GC heap before
{Heap before GC invocations=33 (full 0):
 garbage-first heap   total 271360K, used 199023K [0x0000000080000000, 0x0000000100000000)
  region size 1024K, 73 young (74752K), 7 survivors (7168K)
 Metaspace       used 95491K, capacity 98169K, committed 98560K, reserved 1134592K
  class space    used 12425K, capacity 13447K, committed 13644K, reserved 1048576K
}
Event: 12.108 GC heap after
{Heap after GC invocations=34 (full 0):
 garbage-first heap   total 271360K, used 143468K [0x0000000080000000, 0x0000000100000000)
  region size 1024K, 10 young (10240K), 10 survivors (10240K)
 Metaspace       used 95491K, capacity 98169K, committed 98560K, reserved 1134592K
  class space    used 12425K, capacity 13447K, committed 13644K, reserved 1048576K
}
Event: 12.179 GC heap before
{Heap before GC invocations=34 (full 0):
 garbage-first heap   total 271360K, used 205932K [0x0000000080000000, 0x0000000100000000)
  region size 1024K, 72 young (73728K), 10 survivors (10240K)
 Metaspace       used 96090K, capacity 98759K, committed 99072K, reserved 1134592K
  class space    used 12499K, capacity 13513K, committed 13644K, reserved 1048576K
}
Event: 12.193 GC heap after
{Heap after GC invocations=35 (full 0):
 garbage-first heap   total 271360K, used 155890K [0x0000000080000000, 0x0000000100000000)
  region size 1024K, 9 young (9216K), 9 survivors (9216K)
 Metaspace       used 96090K, capacity 98759K, committed 99072K, reserved 1134592K
  class space    used 12499K, capacity 13513K, committed 13644K, reserved 1048576K
}
Event: 12.255 GC heap before
{Heap before GC invocations=35 (full 0):
 garbage-first heap   total 271360K, used 214258K [0x0000000080000000, 0x0000000100000000)
  region size 1024K, 66 young (67584K), 9 survivors (9216K)
 Metaspace       used 96833K, capacity 99504K, committed 99968K, reserved 1136640K
  class space    used 12592K, capacity 13633K, committed 13772K, reserved 1048576K
}
Event: 12.265 GC heap after
{Heap after GC invocations=36 (full 0):
 garbage-first heap   total 271360K, used 166912K [0x0000000080000000, 0x0000000100000000)
  region size 1024K, 9 young (9216K), 9 survivors (9216K)
 Metaspace       used 96833K, capacity 99504K, committed 99968K, reserved 1136640K
  class space    used 12592K, capacity 13633K, committed 13772K, reserved 1048576K
}
Event: 12.369 GC heap before
{Heap before GC invocations=36 (full 0):
 garbage-first heap   total 271360K, used 219136K [0x0000000080000000, 0x0000000100000000)
  region size 1024K, 60 young (61440K), 9 survivors (9216K)
 Metaspace       used 97767K, capacity 100680K, committed 101248K, reserved 1136640K
  class space    used 12829K, capacity 14068K, committed 14284K, reserved 1048576K
}

