# JRE version: OpenJDK Runtime Environment (11.0.12+7) (build 11.0.12+7-b1504.28-7817840)
# Java VM: OpenJDK 64-Bit Server VM (11.0.12+7-b1504.28-7817840, mixed mode, tiered, compressed oops, g1 gc, windows-amd64)
Heap:
 garbage-first heap   total 540672K, used 178768K [0x0000000080000000, 0x0000000100000000)
  region size 1024K, 7 young (7168K), 7 survivors (7168K)
 Metaspace       used 112291K, capacity 116038K, committed 116224K, reserved 1148928K
  class space    used 14707K, capacity 16203K, committed 16204K, reserved 1048576K
GC Heap History (20 events):
Event: 13.104 GC heap after
{Heap after GC invocations=35 (full 0):
 garbage-first heap   total 210944K, used 105002K [0x0000000080000000, 0x0000000100000000)
  region size 1024K, 6 young (6144K), 6 survivors (6144K)
 Metaspace       used 97079K, capacity 99414K, committed 100352K, reserved 1136640K
  class space    used 12398K, capacity 13260K, committed 13644K, reserved 1048576K
}
Event: 13.286 GC heap before
{Heap before GC invocations=36 (full 0):
 garbage-first heap   total 210944K, used 148010K [0x0000000080000000, 0x0000000100000000)
  region size 1024K, 53 young (54272K), 6 survivors (6144K)
 Metaspace       used 97666K, capacity 99975K, committed 100992K, reserved 1136640K
  class space    used 12453K, capacity 13335K, committed 13772K, reserved 1048576K
}
Event: 13.292 GC heap after
{Heap after GC invocations=37 (full 0):
 garbage-first heap   total 210944K, used 104421K [0x0000000080000000, 0x0000000100000000)
  region size 1024K, 4 young (4096K), 4 survivors (4096K)
 Metaspace       used 97666K, capacity 99975K, committed 100992K, reserved 1136640K
  class space    used 12453K, capacity 13335K, committed 13772K, reserved 1048576K
}
Event: 13.300 GC heap before
{Heap before GC invocations=37 (full 0):
 garbage-first heap   total 210944K, used 109541K [0x0000000080000000, 0x0000000100000000)
  region size 1024K, 10 young (10240K), 4 survivors (4096K)
 Metaspace       used 97722K, capacity 99975K, committed 100992K, reserved 1136640K
  class space    used 12462K, capacity 13335K, committed 13772K, reserved 1048576K
}
Event: 13.305 GC heap after
{Heap after GC invocations=38 (full 0):
 garbage-first heap   total 253952K, used 100044K [0x0000000080000000, 0x0000000100000000)
  region size 1024K, 1 young (1024K), 1 survivors (1024K)
 Metaspace       used 97722K, capacity 99975K, committed 100992K, reserved 1136640K
  class space    used 12462K, capacity 13335K, committed 13772K, reserved 1048576K
}
Event: 13.456 GC heap before
{Heap before GC invocations=38 (full 0):
 garbage-first heap   total 253952K, used 164556K [0x0000000080000000, 0x0000000100000000)
  region size 1024K, 66 young (67584K), 1 survivors (1024K)
 Metaspace       used 99330K, capacity 101814K, committed 102400K, reserved 1138688K
  class space    used 12694K, capacity 13626K, committed 13900K, reserved 1048576K
}
Event: 13.461 GC heap after
{Heap after GC invocations=39 (full 0):
 garbage-first heap   total 253952K, used 107519K [0x0000000080000000, 0x0000000100000000)
  region size 1024K, 9 young (9216K), 9 survivors (9216K)
 Metaspace       used 99330K, capacity 101814K, committed 102400K, reserved 1138688K
  class space    used 12694K, capacity 13626K, committed 13900K, reserved 1048576K
}
Event: 13.575 GC heap before
{Heap before GC invocations=39 (full 0):
 garbage-first heap   total 253952K, used 172031K [0x0000000080000000, 0x0000000100000000)
  region size 1024K, 73 young (74752K), 9 survivors (9216K)
 Metaspace       used 100394K, capacity 102906K, committed 103552K, reserved 1138688K
  class space    used 12839K, capacity 13779K, committed 14028K, reserved 1048576K
}
Event: 13.581 GC heap after
{Heap after GC invocations=40 (full 0):
 garbage-first heap   total 253952K, used 120845K [0x0000000080000000, 0x0000000100000000)
  region size 1024K, 10 young (10240K), 10 survivors (10240K)
 Metaspace       used 100394K, capacity 102906K, committed 103552K, reserved 1138688K
  class space    used 12839K, capacity 13779K, committed 14028K, reserved 1048576K
}
Event: 13.795 GC heap before
{Heap before GC invocations=40 (full 0):
 garbage-first heap   total 253952K, used 181261K [0x0000000080000000, 0x0000000100000000)
  region size 1024K, 70 young (71680K), 10 survivors (10240K)
 Metaspace       used 102805K, capacity 105488K, committed 105600K, reserved 1140736K
  class space    used 13194K, capacity 14238K, committed 14284K, reserved 1048576K
}
Event: 13.801 GC heap after
{Heap after GC invocations=41 (full 0):
 garbage-first heap   total 253952K, used 130048K [0x0000000080000000, 0x0000000100000000)
  region size 1024K, 9 young (9216K), 9 survivors (9216K)
 Metaspace       used 102805K, capacity 105488K, committed 105600K, reserved 1140736K
  class space    used 13194K, capacity 14238K, committed 14284K, reserved 1048576K
}
Event: 13.913 GC heap before
{Heap before GC invocations=41 (full 0):
 garbage-first heap   total 253952K, used 188416K [0x0000000080000000, 0x0000000100000000)
  region size 1024K, 67 young (68608K), 9 survivors (9216K)
 Metaspace       used 105088K, capacity 107906K, committed 108032K, reserved 1142784K
  class space    used 13516K, capacity 14612K, committed 14668K, reserved 1048576K
}
Event: 13.930 GC heap after
{Heap after GC invocations=42 (full 0):
 garbage-first heap   total 305152K, used 137974K [0x0000000080000000, 0x0000000100000000)
  region size 1024K, 9 young (9216K), 9 survivors (9216K)
 Metaspace       used 105088K, capacity 107906K, committed 108032K, reserved 1142784K
  class space    used 13516K, capacity 14612K, committed 14668K, reserved 1048576K
}
Event: 14.060 GC heap before
{Heap before GC invocations=42 (full 0):
 garbage-first heap   total 305152K, used 211702K [0x0000000080000000, 0x0000000100000000)
  region size 1024K, 81 young (82944K), 9 survivors (9216K)
 Metaspace       used 106300K, capacity 109375K, committed 109696K, reserved 1144832K
  class space    used 13747K, capacity 14944K, committed 15052K, reserved 1048576K
}
Event: 14.071 GC heap after
{Heap after GC invocations=43 (full 0):
 garbage-first heap   total 305152K, used 150500K [0x0000000080000000, 0x0000000100000000)
  region size 1024K, 11 young (11264K), 11 survivors (11264K)
 Metaspace       used 106300K, capacity 109375K, committed 109696K, reserved 1144832K
  class space    used 13747K, capacity 14944K, committed 15052K, reserved 1048576K
}
Event: 14.148 GC heap before
{Heap before GC invocations=44 (full 0):
 garbage-first heap   total 305152K, used 222180K [0x0000000080000000, 0x0000000100000000)
  region size 1024K, 82 young (83968K), 11 survivors (11264K)
 Metaspace       used 107689K, capacity 110851K, committed 110976K, reserved 1144832K
  class space    used 14017K, capacity 15255K, committed 15308K, reserved 1048576K
}
Event: 14.160 GC heap after
{Heap after GC invocations=45 (full 0):
 garbage-first heap   total 305152K, used 162750K [0x0000000080000000, 0x0000000100000000)
  region size 1024K, 11 young (11264K), 11 survivors (11264K)
 Metaspace       used 107689K, capacity 110851K, committed 110976K, reserved 1144832K
  class space    used 14017K, capacity 15255K, committed 15308K, reserved 1048576K
}
Event: 14.308 GC heap before
{Heap before GC invocations=45 (full 0):
 garbage-first heap   total 305152K, used 230334K [0x0000000080000000, 0x0000000100000000)
  region size 1024K, 78 young (79872K), 11 survivors (11264K)
 Metaspace       used 110708K, capacity 114254K, committed 114432K, reserved 1148928K
  class space    used 14508K, capacity 15917K, committed 15948K, reserved 1048576K
}
Event: 14.319 GC heap after
{Heap after GC invocations=46 (full 0):
 garbage-first heap   total 305152K, used 171825K [0x0000000080000000, 0x0000000100000000)
  region size 1024K, 9 young (9216K), 9 survivors (9216K)
 Metaspace       used 110708K, capacity 114254K, committed 114432K, reserved 1148928K
  class space    used 14508K, capacity 15917K, committed 15948K, reserved 1048576K
}
Event: 14.451 GC heap before
{Heap before GC invocations=46 (full 0):
 garbage-first heap   total 305152K, used 238385K [0x0000000080000000, 0x0000000100000000)
  region size 1024K, 74 young (75776K), 9 survivors (9216K)
 Metaspace       used 112291K, capacity 116038K, committed 116224K, reserved 1148928K
  class space    used 14707K, capacity 16203K, committed 16204K, reserved 1048576K
}

