# JRE version: OpenJDK Runtime Environment (11.0.12+7) (build 11.0.12+7-b1504.28-7817840)
# Java VM: OpenJDK 64-Bit Server VM (11.0.12+7-b1504.28-7817840, mixed mode, tiered, compressed oops, g1 gc, windows-amd64)
Heap:
 garbage-first heap   total 210944K, used 85951K [0x0000000080000000, 0x0000000100000000)
  region size 1024K, 8 young (8192K), 8 survivors (8192K)
 Metaspace       used 85919K, capacity 88608K, committed 88832K, reserved 1126400K
  class space    used 11280K, capacity 12282K, committed 12364K, reserved 1048576K
GC Heap History (20 events):
Event: 5.800 GC heap after
{Heap after GC invocations=12 (full 0):
 garbage-first heap   total 145408K, used 35888K [0x0000000080000000, 0x0000000100000000)
  region size 1024K, 8 young (8192K), 8 survivors (8192K)
 Metaspace       used 49181K, capacity 50505K, committed 50636K, reserved 1093632K
  class space    used 6263K, capacity 6758K, committed 6860K, reserved 1048576K
}
Event: 6.328 GC heap before
{Heap before GC invocations=12 (full 0):
 garbage-first heap   total 145408K, used 98352K [0x0000000080000000, 0x0000000100000000)
  region size 1024K, 67 young (68608K), 8 survivors (8192K)
 Metaspace       used 55571K, capacity 57024K, committed 57164K, reserved 1099776K
  class space    used 7103K, capacity 7637K, committed 7756K, reserved 1048576K
}
Event: 6.334 GC heap after
{Heap after GC invocations=13 (full 0):
 garbage-first heap   total 145408K, used 46444K [0x0000000080000000, 0x0000000100000000)
  region size 1024K, 9 young (9216K), 9 survivors (9216K)
 Metaspace       used 55571K, capacity 57024K, committed 57164K, reserved 1099776K
  class space    used 7103K, capacity 7637K, committed 7756K, reserved 1048576K
}
Event: 6.547 GC heap before
{Heap before GC invocations=13 (full 0):
 garbage-first heap   total 145408K, used 67948K [0x0000000080000000, 0x0000000100000000)
  region size 1024K, 31 young (31744K), 9 survivors (9216K)
 Metaspace       used 58567K, capacity 60113K, committed 60288K, reserved 1101824K
  class space    used 7454K, capacity 8066K, committed 8140K, reserved 1048576K
}
Event: 6.555 GC heap after
{Heap after GC invocations=14 (full 0):
 garbage-first heap   total 145408K, used 48641K [0x0000000080000000, 0x0000000100000000)
  region size 1024K, 2 young (2048K), 2 survivors (2048K)
 Metaspace       used 58567K, capacity 60113K, committed 60288K, reserved 1101824K
  class space    used 7454K, capacity 8066K, committed 8140K, reserved 1048576K
}
Event: 7.009 GC heap before
{Heap before GC invocations=15 (full 0):
 garbage-first heap   total 145408K, used 92673K [0x0000000080000000, 0x0000000100000000)
  region size 1024K, 46 young (47104K), 2 survivors (2048K)
 Metaspace       used 63770K, capacity 65384K, committed 65536K, reserved 1105920K
  class space    used 8081K, capacity 8731K, committed 8780K, reserved 1048576K
}
Event: 7.013 GC heap after
{Heap after GC invocations=16 (full 0):
 garbage-first heap   total 145408K, used 52225K [0x0000000080000000, 0x0000000100000000)
  region size 1024K, 5 young (5120K), 5 survivors (5120K)
 Metaspace       used 63770K, capacity 65384K, committed 65536K, reserved 1105920K
  class space    used 8081K, capacity 8731K, committed 8780K, reserved 1048576K
}
Event: 7.351 GC heap before
{Heap before GC invocations=17 (full 0):
 garbage-first heap   total 145408K, used 99329K [0x0000000080000000, 0x0000000100000000)
  region size 1024K, 50 young (51200K), 5 survivors (5120K)
 Metaspace       used 66044K, capacity 67690K, committed 67840K, reserved 1107968K
  class space    used 8392K, capacity 8996K, committed 9036K, reserved 1048576K
}
Event: 7.356 GC heap after
{Heap after GC invocations=18 (full 0):
 garbage-first heap   total 145408K, used 55475K [0x0000000080000000, 0x0000000100000000)
  region size 1024K, 4 young (4096K), 4 survivors (4096K)
 Metaspace       used 66044K, capacity 67690K, committed 67840K, reserved 1107968K
  class space    used 8392K, capacity 8996K, committed 9036K, reserved 1048576K
}
Event: 7.691 GC heap before
{Heap before GC invocations=18 (full 0):
 garbage-first heap   total 145408K, used 101555K [0x0000000080000000, 0x0000000100000000)
  region size 1024K, 49 young (50176K), 4 survivors (4096K)
 Metaspace       used 68475K, capacity 70221K, committed 70272K, reserved 1110016K
  class space    used 8761K, capacity 9392K, committed 9420K, reserved 1048576K
}
Event: 7.696 GC heap after
{Heap after GC invocations=19 (full 0):
 garbage-first heap   total 175104K, used 58388K [0x0000000080000000, 0x0000000100000000)
  region size 1024K, 7 young (7168K), 7 survivors (7168K)
 Metaspace       used 68475K, capacity 70221K, committed 70272K, reserved 1110016K
  class space    used 8761K, capacity 9392K, committed 9420K, reserved 1048576K
}
Event: 8.172 GC heap before
{Heap before GC invocations=19 (full 0):
 garbage-first heap   total 175104K, used 117780K [0x0000000080000000, 0x0000000100000000)
  region size 1024K, 65 young (66560K), 7 survivors (7168K)
 Metaspace       used 72143K, capacity 73853K, committed 73984K, reserved 1114112K
  class space    used 9376K, capacity 10037K, committed 10060K, reserved 1048576K
}
Event: 8.177 GC heap after
{Heap after GC invocations=20 (full 0):
 garbage-first heap   total 175104K, used 62508K [0x0000000080000000, 0x0000000100000000)
  region size 1024K, 8 young (8192K), 8 survivors (8192K)
 Metaspace       used 72143K, capacity 73853K, committed 73984K, reserved 1114112K
  class space    used 9376K, capacity 10037K, committed 10060K, reserved 1048576K
}
Event: 8.749 GC heap before
{Heap before GC invocations=20 (full 0):
 garbage-first heap   total 175104K, used 122924K [0x0000000080000000, 0x0000000100000000)
  region size 1024K, 67 young (68608K), 8 survivors (8192K)
 Metaspace       used 78206K, capacity 80080K, committed 80256K, reserved 1118208K
  class space    used 10229K, capacity 10934K, committed 10956K, reserved 1048576K
}
Event: 8.758 GC heap after
{Heap after GC invocations=21 (full 0):
 garbage-first heap   total 175104K, used 65871K [0x0000000080000000, 0x0000000100000000)
  region size 1024K, 8 young (8192K), 8 survivors (8192K)
 Metaspace       used 78206K, capacity 80080K, committed 80256K, reserved 1118208K
  class space    used 10229K, capacity 10934K, committed 10956K, reserved 1048576K
}
Event: 9.387 GC heap before
{Heap before GC invocations=21 (full 0):
 garbage-first heap   total 175104K, used 126287K [0x0000000080000000, 0x0000000100000000)
  region size 1024K, 68 young (69632K), 8 survivors (8192K)
 Metaspace       used 82317K, capacity 84463K, committed 84736K, reserved 1122304K
  class space    used 10786K, capacity 11573K, committed 11596K, reserved 1048576K
}
Event: 9.396 GC heap after
{Heap after GC invocations=22 (full 0):
 garbage-first heap   total 175104K, used 70988K [0x0000000080000000, 0x0000000100000000)
  region size 1024K, 9 young (9216K), 9 survivors (9216K)
 Metaspace       used 82317K, capacity 84463K, committed 84736K, reserved 1122304K
  class space    used 10786K, capacity 11573K, committed 11596K, reserved 1048576K
}
Event: 9.594 GC heap before
{Heap before GC invocations=22 (full 0):
 garbage-first heap   total 175104K, used 130380K [0x0000000080000000, 0x0000000100000000)
  region size 1024K, 68 young (69632K), 9 survivors (9216K)
 Metaspace       used 83822K, capacity 86392K, committed 86528K, reserved 1124352K
  class space    used 11092K, capacity 12090K, committed 12108K, reserved 1048576K
}
Event: 9.600 GC heap after
{Heap after GC invocations=23 (full 0):
 garbage-first heap   total 175104K, used 75343K [0x0000000080000000, 0x0000000100000000)
  region size 1024K, 5 young (5120K), 5 survivors (5120K)
 Metaspace       used 83822K, capacity 86392K, committed 86528K, reserved 1124352K
  class space    used 11092K, capacity 12090K, committed 12108K, reserved 1048576K
}
Event: 9.953 GC heap before
{Heap before GC invocations=23 (full 0):
 garbage-first heap   total 175104K, used 135759K [0x0000000080000000, 0x0000000100000000)
  region size 1024K, 63 young (64512K), 5 survivors (5120K)
 Metaspace       used 85919K, capacity 88608K, committed 88832K, reserved 1126400K
  class space    used 11280K, capacity 12282K, committed 12364K, reserved 1048576K
}

