# JRE version: OpenJDK Runtime Environment (11.0.12+7) (build 11.0.12+7-b1504.28-7817840)
# Java VM: OpenJDK 64-Bit Server VM (11.0.12+7-b1504.28-7817840, mixed mode, tiered, compressed oops, g1 gc, windows-amd64)
Heap:
 garbage-first heap   total 120832K, used 35053K [0x0000000080000000, 0x0000000100000000)
  region size 1024K, 20 young (20480K), 2 survivors (2048K)
 Metaspace       used 22549K, capacity 23066K, committed 23296K, reserved 1069056K
  class space    used 2850K, capacity 2998K, committed 3072K, reserved 1048576K
GC Heap History (6 events):
Event: 0.973 GC heap before
{Heap before GC invocations=0 (full 0):
 garbage-first heap   total 120832K, used 29696K [0x0000000080000000, 0x0000000100000000)
  region size 1024K, 24 young (24576K), 0 survivors (0K)
 Metaspace       used 9762K, capacity 9956K, committed 10112K, reserved 1058816K
  class space    used 1000K, capacity 1069K, committed 1152K, reserved 1048576K
}
Event: 0.985 GC heap after
{Heap after GC invocations=1 (full 0):
 garbage-first heap   total 120832K, used 8898K [0x0000000080000000, 0x0000000100000000)
  region size 1024K, 3 young (3072K), 3 survivors (3072K)
 Metaspace       used 9762K, capacity 9956K, committed 10112K, reserved 1058816K
  class space    used 1000K, capacity 1069K, committed 1152K, reserved 1048576K
}
Event: 3.388 GC heap before
{Heap before GC invocations=1 (full 0):
 garbage-first heap   total 120832K, used 77506K [0x0000000080000000, 0x0000000100000000)
  region size 1024K, 70 young (71680K), 3 survivors (3072K)
 Metaspace       used 16155K, capacity 16479K, committed 16640K, reserved 1064960K
  class space    used 1832K, capacity 1965K, committed 2048K, reserved 1048576K
}
Event: 3.402 GC heap after
{Heap after GC invocations=2 (full 0):
 garbage-first heap   total 120832K, used 15612K [0x0000000080000000, 0x0000000100000000)
  region size 1024K, 9 young (9216K), 9 survivors (9216K)
 Metaspace       used 16155K, capacity 16479K, committed 16640K, reserved 1064960K
  class space    used 1832K, capacity 1965K, committed 2048K, reserved 1048576K
}
Event: 3.982 GC heap before
{Heap before GC invocations=2 (full 0):
 garbage-first heap   total 120832K, used 53500K [0x0000000080000000, 0x0000000100000000)
  region size 1024K, 47 young (48128K), 9 survivors (9216K)
 Metaspace       used 20780K, capacity 21135K, committed 21248K, reserved 1067008K
  class space    used 2537K, capacity 2710K, committed 2816K, reserved 1048576K
}
Event: 3.990 GC heap after
{Heap after GC invocations=3 (full 0):
 garbage-first heap   total 120832K, used 17645K [0x0000000080000000, 0x0000000100000000)
  region size 1024K, 2 young (2048K), 2 survivors (2048K)
 Metaspace       used 20780K, capacity 21135K, committed 21248K, reserved 1067008K
  class space    used 2537K, capacity 2710K, committed 2816K, reserved 1048576K
}

