# JRE version: OpenJDK Runtime Environment (11.0.12+7) (build 11.0.12+7-b1504.28-7817840)
# Java VM: OpenJDK 64-Bit Server VM (11.0.12+7-b1504.28-7817840, mixed mode, tiered, compressed oops, g1 gc, windows-amd64)
Heap:
 garbage-first heap   total 313344K, used 141761K [0x0000000080000000, 0x0000000100000000)
  region size 1024K, 2 young (2048K), 2 survivors (2048K)
 Metaspace       used 151768K, capacity 157011K, committed 158336K, reserved 1185792K
  class space    used 18488K, capacity 20366K, committed 21452K, reserved 1048576K
GC Heap History (20 events):
Event: 5099.875 GC heap after
{Heap after GC invocations=168 (full 0):
 garbage-first heap   total 261120K, used 137600K [0x0000000080000000, 0x0000000100000000)
  region size 1024K, 2 young (2048K), 2 survivors (2048K)
 Metaspace       used 145808K, capacity 150951K, committed 152192K, reserved 1181696K
  class space    used 17955K, capacity 19795K, committed 20940K, reserved 1048576K
}
Event: 5099.929 GC heap before
{Heap before GC invocations=168 (full 0):
 garbage-first heap   total 261120K, used 144768K [0x0000000080000000, 0x0000000100000000)
  region size 1024K, 11 young (11264K), 2 survivors (2048K)
 Metaspace       used 145818K, capacity 150951K, committed 152192K, reserved 1181696K
  class space    used 17955K, capacity 19795K, committed 20940K, reserved 1048576K
}
Event: 5099.934 GC heap after
{Heap after GC invocations=169 (full 0):
 garbage-first heap   total 261120K, used 142717K [0x0000000080000000, 0x0000000100000000)
  region size 1024K, 7 young (7168K), 7 survivors (7168K)
 Metaspace       used 145818K, capacity 150951K, committed 152192K, reserved 1181696K
  class space    used 17955K, capacity 19795K, committed 20940K, reserved 1048576K
}
Event: 5100.489 GC heap before
{Heap before GC invocations=170 (full 0):
 garbage-first heap   total 261120K, used 217469K [0x0000000080000000, 0x0000000100000000)
  region size 1024K, 64 young (65536K), 7 survivors (7168K)
 Metaspace       used 147328K, capacity 152455K, committed 153856K, reserved 1181696K
  class space    used 18060K, capacity 19900K, committed 21068K, reserved 1048576K
}
Event: 5100.494 GC heap after
{Heap after GC invocations=171 (full 0):
 garbage-first heap   total 261120K, used 143770K [0x0000000080000000, 0x0000000100000000)
  region size 1024K, 7 young (7168K), 7 survivors (7168K)
 Metaspace       used 147328K, capacity 152455K, committed 153856K, reserved 1181696K
  class space    used 18060K, capacity 19900K, committed 21068K, reserved 1048576K
}
Event: 5100.517 GC heap before
{Heap before GC invocations=171 (full 0):
 garbage-first heap   total 261120K, used 148890K [0x0000000080000000, 0x0000000100000000)
  region size 1024K, 12 young (12288K), 7 survivors (7168K)
 Metaspace       used 147752K, capacity 152871K, committed 154112K, reserved 1181696K
  class space    used 18097K, capacity 19932K, committed 21068K, reserved 1048576K
}
Event: 5100.525 GC heap after
{Heap after GC invocations=172 (full 0):
 garbage-first heap   total 261120K, used 142152K [0x0000000080000000, 0x0000000100000000)
  region size 1024K, 2 young (2048K), 2 survivors (2048K)
 Metaspace       used 147752K, capacity 152871K, committed 154112K, reserved 1181696K
  class space    used 18097K, capacity 19932K, committed 21068K, reserved 1048576K
}
Event: 5100.959 GC heap before
{Heap before GC invocations=172 (full 0):
 garbage-first heap   total 261120K, used 202568K [0x0000000080000000, 0x0000000100000000)
  region size 1024K, 62 young (63488K), 2 survivors (2048K)
 Metaspace       used 150403K, capacity 155558K, committed 156928K, reserved 1185792K
  class space    used 18332K, capacity 20209K, committed 21324K, reserved 1048576K
}
Event: 5100.963 GC heap after
{Heap after GC invocations=173 (full 0):
 garbage-first heap   total 261120K, used 143824K [0x0000000080000000, 0x0000000100000000)
  region size 1024K, 3 young (3072K), 3 survivors (3072K)
 Metaspace       used 150403K, capacity 155558K, committed 156928K, reserved 1185792K
  class space    used 18332K, capacity 20209K, committed 21324K, reserved 1048576K
}
Event: 5101.175 GC heap before
{Heap before GC invocations=174 (full 0):
 garbage-first heap   total 261120K, used 196048K [0x0000000080000000, 0x0000000100000000)
  region size 1024K, 65 young (66560K), 3 survivors (3072K)
 Metaspace       used 151057K, capacity 156248K, committed 157440K, reserved 1185792K
  class space    used 18408K, capacity 20265K, committed 21324K, reserved 1048576K
}
Event: 5101.184 GC heap after
{Heap after GC invocations=175 (full 0):
 garbage-first heap   total 261120K, used 141475K [0x0000000080000000, 0x0000000100000000)
  region size 1024K, 9 young (9216K), 9 survivors (9216K)
 Metaspace       used 151057K, capacity 156248K, committed 157440K, reserved 1185792K
  class space    used 18408K, capacity 20265K, committed 21324K, reserved 1048576K
}
Event: 5101.189 GC heap before
{Heap before GC invocations=175 (full 0):
 garbage-first heap   total 261120K, used 143523K [0x0000000080000000, 0x0000000100000000)
  region size 1024K, 12 young (12288K), 9 survivors (9216K)
 Metaspace       used 151069K, capacity 156254K, committed 157440K, reserved 1185792K
  class space    used 18409K, capacity 20267K, committed 21324K, reserved 1048576K
}
Event: 5101.203 GC heap after
{Heap after GC invocations=176 (full 0):
 garbage-first heap   total 261120K, used 129611K [0x0000000080000000, 0x0000000100000000)
  region size 1024K, 2 young (2048K), 2 survivors (2048K)
 Metaspace       used 151069K, capacity 156254K, committed 157440K, reserved 1185792K
  class space    used 18409K, capacity 20267K, committed 21324K, reserved 1048576K
}
Event: 5101.372 GC heap before
{Heap before GC invocations=176 (full 0):
 garbage-first heap   total 261120K, used 199243K [0x0000000080000000, 0x0000000100000000)
  region size 1024K, 71 young (72704K), 2 survivors (2048K)
 Metaspace       used 151471K, capacity 156685K, committed 157824K, reserved 1185792K
  class space    used 18468K, capacity 20345K, committed 21452K, reserved 1048576K
}
Event: 5101.409 GC heap after
{Heap after GC invocations=177 (full 0):
 garbage-first heap   total 261120K, used 141472K [0x0000000080000000, 0x0000000100000000)
  region size 1024K, 9 young (9216K), 9 survivors (9216K)
 Metaspace       used 151471K, capacity 156685K, committed 157824K, reserved 1185792K
  class space    used 18468K, capacity 20345K, committed 21452K, reserved 1048576K
}
Event: 5101.695 GC heap before
{Heap before GC invocations=177 (full 0):
 garbage-first heap   total 261120K, used 204960K [0x0000000080000000, 0x0000000100000000)
  region size 1024K, 72 young (73728K), 9 survivors (9216K)
 Metaspace       used 151676K, capacity 156876K, committed 158080K, reserved 1185792K
  class space    used 18481K, capacity 20364K, committed 21452K, reserved 1048576K
}
Event: 5101.701 GC heap after
{Heap after GC invocations=178 (full 0):
 garbage-first heap   total 261120K, used 145420K [0x0000000080000000, 0x0000000100000000)
  region size 1024K, 5 young (5120K), 5 survivors (5120K)
 Metaspace       used 151676K, capacity 156876K, committed 158080K, reserved 1185792K
  class space    used 18481K, capacity 20364K, committed 21452K, reserved 1048576K
}
Event: 5101.766 GC heap before
{Heap before GC invocations=179 (full 0):
 garbage-first heap   total 261120K, used 207884K [0x0000000080000000, 0x0000000100000000)
  region size 1024K, 67 young (68608K), 5 survivors (5120K)
 Metaspace       used 151765K, capacity 157011K, committed 158336K, reserved 1185792K
  class space    used 18488K, capacity 20366K, committed 21452K, reserved 1048576K
}
Event: 5101.771 GC heap after
{Heap after GC invocations=180 (full 0):
 garbage-first heap   total 261120K, used 147623K [0x0000000080000000, 0x0000000100000000)
  region size 1024K, 7 young (7168K), 7 survivors (7168K)
 Metaspace       used 151765K, capacity 157011K, committed 158336K, reserved 1185792K
  class space    used 18488K, capacity 20366K, committed 21452K, reserved 1048576K
}
Event: 5101.777 GC heap before
{Heap before GC invocations=180 (full 0):
 garbage-first heap   total 261120K, used 151719K [0x0000000080000000, 0x0000000100000000)
  region size 1024K, 12 young (12288K), 7 survivors (7168K)
 Metaspace       used 151768K, capacity 157011K, committed 158336K, reserved 1185792K
  class space    used 18488K, capacity 20366K, committed 21452K, reserved 1048576K
}

