# JRE version: OpenJDK Runtime Environment (11.0.12+7) (build 11.0.12+7-b1504.28-7817840)
# Java VM: OpenJDK 64-Bit Server VM (11.0.12+7-b1504.28-7817840, mixed mode, tiered, compressed oops, g1 gc, windows-amd64)
Heap:
 garbage-first heap   total 221184K, used 104181K [0x0000000080000000, 0x0000000100000000)
  region size 1024K, 4 young (4096K), 4 survivors (4096K)
 Metaspace       used 94011K, capacity 96492K, committed 97232K, reserved 1132544K
  class space    used 12120K, capacity 13050K, committed 13312K, reserved 1048576K
GC Heap History (20 events):
Event: 9.412 GC heap after
{Heap after GC invocations=18 (full 0):
 garbage-first heap   total 145408K, used 60514K [0x0000000080000000, 0x0000000100000000)
  region size 1024K, 4 young (4096K), 4 survivors (4096K)
 Metaspace       used 71733K, capacity 73426K, committed 73680K, reserved 1114112K
  class space    used 9311K, capacity 9958K, committed 9984K, reserved 1048576K
}
Event: 9.812 GC heap before
{Heap before GC invocations=18 (full 0):
 garbage-first heap   total 145408K, used 115810K [0x0000000080000000, 0x0000000100000000)
  region size 1024K, 58 young (59392K), 4 survivors (4096K)
 Metaspace       used 74896K, capacity 76772K, committed 77008K, reserved 1116160K
  class space    used 9757K, capacity 10481K, committed 10496K, reserved 1048576K
}
Event: 9.818 GC heap after
{Heap after GC invocations=19 (full 0):
 garbage-first heap   total 145408K, used 64278K [0x0000000080000000, 0x0000000100000000)
  region size 1024K, 8 young (8192K), 8 survivors (8192K)
 Metaspace       used 74896K, capacity 76772K, committed 77008K, reserved 1116160K
  class space    used 9757K, capacity 10481K, committed 10496K, reserved 1048576K
}
Event: 10.359 GC heap before
{Heap before GC invocations=19 (full 0):
 garbage-first heap   total 145408K, used 116502K [0x0000000080000000, 0x0000000100000000)
  region size 1024K, 59 young (60416K), 8 survivors (8192K)
 Metaspace       used 80023K, capacity 81936K, committed 82128K, reserved 1120256K
  class space    used 10446K, capacity 11159K, committed 11264K, reserved 1048576K
}
Event: 10.364 GC heap after
{Heap after GC invocations=20 (full 0):
 garbage-first heap   total 145408K, used 67845K [0x0000000080000000, 0x0000000100000000)
  region size 1024K, 8 young (8192K), 8 survivors (8192K)
 Metaspace       used 80023K, capacity 81936K, committed 82128K, reserved 1120256K
  class space    used 10446K, capacity 11159K, committed 11264K, reserved 1048576K
}
Event: 10.834 GC heap before
{Heap before GC invocations=20 (full 0):
 garbage-first heap   total 145408K, used 116997K [0x0000000080000000, 0x0000000100000000)
  region size 1024K, 57 young (58368K), 8 survivors (8192K)
 Metaspace       used 83668K, capacity 86372K, committed 86608K, reserved 1124352K
  class space    used 11134K, capacity 12157K, committed 12160K, reserved 1048576K
}
Event: 10.841 GC heap after
{Heap after GC invocations=21 (full 0):
 garbage-first heap   total 145408K, used 71886K [0x0000000080000000, 0x0000000100000000)
  region size 1024K, 8 young (8192K), 8 survivors (8192K)
 Metaspace       used 83668K, capacity 86372K, committed 86608K, reserved 1124352K
  class space    used 11134K, capacity 12157K, committed 12160K, reserved 1048576K
}
Event: 10.977 GC heap before
{Heap before GC invocations=21 (full 0):
 garbage-first heap   total 145408K, used 117966K [0x0000000080000000, 0x0000000100000000)
  region size 1024K, 54 young (55296K), 8 survivors (8192K)
 Metaspace       used 83971K, capacity 86661K, committed 86864K, reserved 1124352K
  class space    used 11135K, capacity 12159K, committed 12160K, reserved 1048576K
}
Event: 10.982 GC heap after
{Heap after GC invocations=22 (full 0):
 garbage-first heap   total 145408K, used 75015K [0x0000000080000000, 0x0000000100000000)
  region size 1024K, 4 young (4096K), 4 survivors (4096K)
 Metaspace       used 83971K, capacity 86661K, committed 86864K, reserved 1124352K
  class space    used 11135K, capacity 12159K, committed 12160K, reserved 1048576K
}
Event: 11.193 GC heap before
{Heap before GC invocations=22 (full 0):
 garbage-first heap   total 145408K, used 119047K [0x0000000080000000, 0x0000000100000000)
  region size 1024K, 48 young (49152K), 4 survivors (4096K)
 Metaspace       used 84553K, capacity 87274K, committed 87504K, reserved 1124352K
  class space    used 11183K, capacity 12219K, committed 12288K, reserved 1048576K
}
Event: 11.199 GC heap after
{Heap after GC invocations=23 (full 0):
 garbage-first heap   total 145408K, used 78005K [0x0000000080000000, 0x0000000100000000)
  region size 1024K, 6 young (6144K), 6 survivors (6144K)
 Metaspace       used 84553K, capacity 87274K, committed 87504K, reserved 1124352K
  class space    used 11183K, capacity 12219K, committed 12288K, reserved 1048576K
}
Event: 11.400 GC heap before
{Heap before GC invocations=24 (full 0):
 garbage-first heap   total 145408K, used 118965K [0x0000000080000000, 0x0000000100000000)
  region size 1024K, 47 young (48128K), 6 survivors (6144K)
 Metaspace       used 83988K, capacity 86210K, committed 87760K, reserved 1124352K
  class space    used 10933K, capacity 11765K, committed 12288K, reserved 1048576K
}
Event: 11.412 GC heap after
{Heap after GC invocations=25 (full 0):
 garbage-first heap   total 175104K, used 81806K [0x0000000080000000, 0x0000000100000000)
  region size 1024K, 4 young (4096K), 4 survivors (4096K)
 Metaspace       used 83988K, capacity 86210K, committed 87760K, reserved 1124352K
  class space    used 10933K, capacity 11765K, committed 12288K, reserved 1048576K
}
Event: 11.641 GC heap before
{Heap before GC invocations=25 (full 0):
 garbage-first heap   total 175104K, used 133006K [0x0000000080000000, 0x0000000100000000)
  region size 1024K, 55 young (56320K), 4 survivors (4096K)
 Metaspace       used 85322K, capacity 87577K, committed 88784K, reserved 1126400K
  class space    used 11069K, capacity 11900K, committed 12288K, reserved 1048576K
}
Event: 11.655 GC heap after
{Heap after GC invocations=26 (full 0):
 garbage-first heap   total 175104K, used 85724K [0x0000000080000000, 0x0000000100000000)
  region size 1024K, 7 young (7168K), 7 survivors (7168K)
 Metaspace       used 85322K, capacity 87577K, committed 88784K, reserved 1126400K
  class space    used 11069K, capacity 11900K, committed 12288K, reserved 1048576K
}
Event: 12.253 GC heap before
{Heap before GC invocations=27 (full 0):
 garbage-first heap   total 175104K, used 126684K [0x0000000080000000, 0x0000000100000000)
  region size 1024K, 49 young (50176K), 7 survivors (7168K)
 Metaspace       used 91528K, capacity 93924K, committed 94928K, reserved 1130496K
  class space    used 11871K, capacity 12759K, committed 13056K, reserved 1048576K
}
Event: 12.270 GC heap after
{Heap after GC invocations=28 (full 0):
 garbage-first heap   total 175104K, used 89949K [0x0000000080000000, 0x0000000100000000)
  region size 1024K, 8 young (8192K), 8 survivors (8192K)
 Metaspace       used 91528K, capacity 93924K, committed 94928K, reserved 1130496K
  class space    used 11871K, capacity 12759K, committed 13056K, reserved 1048576K
}
Event: 13.201 GC heap before
{Heap before GC invocations=29 (full 0):
 garbage-first heap   total 175104K, used 138077K [0x0000000080000000, 0x0000000100000000)
  region size 1024K, 54 young (55296K), 8 survivors (8192K)
 Metaspace       used 93442K, capacity 95925K, committed 96592K, reserved 1132544K
  class space    used 12064K, capacity 12953K, committed 13184K, reserved 1048576K
}
Event: 13.209 GC heap after
{Heap after GC invocations=30 (full 0):
 garbage-first heap   total 175104K, used 101364K [0x0000000080000000, 0x0000000100000000)
  region size 1024K, 7 young (7168K), 7 survivors (7168K)
 Metaspace       used 93442K, capacity 95925K, committed 96592K, reserved 1132544K
  class space    used 12064K, capacity 12953K, committed 13184K, reserved 1048576K
}
Event: 13.485 GC heap before
{Heap before GC invocations=30 (full 0):
 garbage-first heap   total 175104K, used 141300K [0x0000000080000000, 0x0000000100000000)
  region size 1024K, 47 young (48128K), 7 survivors (7168K)
 Metaspace       used 94011K, capacity 96492K, committed 97232K, reserved 1132544K
  class space    used 12120K, capacity 13050K, committed 13312K, reserved 1048576K
}

