# JRE version: OpenJDK Runtime Environment (11.0.12+7) (build 11.0.12+7-b1504.28-7817840)
# Java VM: OpenJDK 64-Bit Server VM (11.0.12+7-b1504.28-7817840, mixed mode, tiered, compressed oops, g1 gc, windows-amd64)
Heap:
 garbage-first heap   total 216064K, used 169677K [0x0000000080000000, 0x0000000100000000)
  region size 1024K, 69 young (70656K), 7 survivors (7168K)
 Metaspace       used 111319K, capacity 114533K, committed 114816K, reserved 1148928K
  class space    used 14558K, capacity 15783K, committed 15820K, reserved 1048576K
GC Heap History (20 events):
Event: 10.033 GC heap before
{Heap before GC invocations=20 (full 0):
 garbage-first heap   total 175104K, used 129499K [0x0000000080000000, 0x0000000100000000)
  region size 1024K, 71 young (72704K), 9 survivors (9216K)
 Metaspace       used 83755K, capacity 86503K, committed 86656K, reserved 1124352K
  class space    used 11142K, capacity 12176K, committed 12236K, reserved 1048576K
}
Event: 10.039 GC heap after
{Heap after GC invocations=21 (full 0):
 garbage-first heap   total 175104K, used 71873K [0x0000000080000000, 0x0000000100000000)
  region size 1024K, 9 young (9216K), 9 survivors (9216K)
 Metaspace       used 83755K, capacity 86503K, committed 86656K, reserved 1124352K
  class space    used 11142K, capacity 12176K, committed 12236K, reserved 1048576K
}
Event: 10.221 GC heap before
{Heap before GC invocations=21 (full 0):
 garbage-first heap   total 175104K, used 133313K [0x0000000080000000, 0x0000000100000000)
  region size 1024K, 70 young (71680K), 9 survivors (9216K)
 Metaspace       used 84239K, capacity 86960K, committed 87168K, reserved 1124352K
  class space    used 11152K, capacity 12185K, committed 12236K, reserved 1048576K
}
Event: 10.227 GC heap after
{Heap after GC invocations=22 (full 0):
 garbage-first heap   total 175104K, used 76506K [0x0000000080000000, 0x0000000100000000)
  region size 1024K, 5 young (5120K), 5 survivors (5120K)
 Metaspace       used 84239K, capacity 86960K, committed 87168K, reserved 1124352K
  class space    used 11152K, capacity 12185K, committed 12236K, reserved 1048576K
}
Event: 10.422 GC heap before
{Heap before GC invocations=22 (full 0):
 garbage-first heap   total 175104K, used 136922K [0x0000000080000000, 0x0000000100000000)
  region size 1024K, 65 young (66560K), 5 survivors (5120K)
 Metaspace       used 84798K, capacity 87536K, committed 87808K, reserved 1124352K
  class space    used 11202K, capacity 12248K, committed 12364K, reserved 1048576K
}
Event: 10.427 GC heap after
{Heap after GC invocations=23 (full 0):
 garbage-first heap   total 175104K, used 81009K [0x0000000080000000, 0x0000000100000000)
  region size 1024K, 9 young (9216K), 9 survivors (9216K)
 Metaspace       used 84798K, capacity 87536K, committed 87808K, reserved 1124352K
  class space    used 11202K, capacity 12248K, committed 12364K, reserved 1048576K
}
Event: 10.616 GC heap before
{Heap before GC invocations=23 (full 0):
 garbage-first heap   total 175104K, used 138353K [0x0000000080000000, 0x0000000100000000)
  region size 1024K, 66 young (67584K), 9 survivors (9216K)
 Metaspace       used 86203K, capacity 88955K, committed 89216K, reserved 1126400K
  class space    used 11333K, capacity 12374K, committed 12492K, reserved 1048576K
}
Event: 10.629 GC heap after
{Heap after GC invocations=24 (full 0):
 garbage-first heap   total 175104K, used 86124K [0x0000000080000000, 0x0000000100000000)
  region size 1024K, 6 young (6144K), 6 survivors (6144K)
 Metaspace       used 86203K, capacity 88955K, committed 89216K, reserved 1126400K
  class space    used 11333K, capacity 12374K, committed 12492K, reserved 1048576K
}
Event: 11.048 GC heap before
{Heap before GC invocations=24 (full 0):
 garbage-first heap   total 175104K, used 121964K [0x0000000080000000, 0x0000000100000000)
  region size 1024K, 43 young (44032K), 6 survivors (6144K)
 Metaspace       used 92408K, capacity 95267K, committed 95360K, reserved 1132544K
  class space    used 12133K, capacity 13200K, committed 13260K, reserved 1048576K
}
Event: 11.063 GC heap after
{Heap after GC invocations=25 (full 0):
 garbage-first heap   total 175104K, used 89133K [0x0000000080000000, 0x0000000100000000)
  region size 1024K, 4 young (4096K), 4 survivors (4096K)
 Metaspace       used 92408K, capacity 95267K, committed 95360K, reserved 1132544K
  class space    used 12133K, capacity 13200K, committed 13260K, reserved 1048576K
}
Event: 11.636 GC heap before
{Heap before GC invocations=26 (full 0):
 garbage-first heap   total 175104K, used 143405K [0x0000000080000000, 0x0000000100000000)
  region size 1024K, 55 young (56320K), 4 survivors (4096K)
 Metaspace       used 93637K, capacity 96048K, committed 97408K, reserved 1132544K
  class space    used 12057K, capacity 12978K, committed 13516K, reserved 1048576K
}
Event: 11.639 GC heap after
{Heap after GC invocations=27 (full 0):
 garbage-first heap   total 175104K, used 92439K [0x0000000080000000, 0x0000000100000000)
  region size 1024K, 5 young (5120K), 5 survivors (5120K)
 Metaspace       used 93637K, capacity 96048K, committed 97408K, reserved 1132544K
  class space    used 12057K, capacity 12978K, committed 13516K, reserved 1048576K
}
Event: 11.774 GC heap before
{Heap before GC invocations=27 (full 0):
 garbage-first heap   total 175104K, used 142615K [0x0000000080000000, 0x0000000100000000)
  region size 1024K, 55 young (56320K), 5 survivors (5120K)
 Metaspace       used 93927K, capacity 96382K, committed 97664K, reserved 1134592K
  class space    used 12099K, capacity 13038K, committed 13516K, reserved 1048576K
}
Event: 11.786 GC heap after
{Heap after GC invocations=28 (full 0):
 garbage-first heap   total 175104K, used 92241K [0x0000000080000000, 0x0000000100000000)
  region size 1024K, 5 young (5120K), 5 survivors (5120K)
 Metaspace       used 93927K, capacity 96382K, committed 97664K, reserved 1134592K
  class space    used 12099K, capacity 13038K, committed 13516K, reserved 1048576K
}
Event: 12.001 GC heap before
{Heap before GC invocations=29 (full 0):
 garbage-first heap   total 175104K, used 142417K [0x0000000080000000, 0x0000000100000000)
  region size 1024K, 55 young (56320K), 5 survivors (5120K)
 Metaspace       used 95805K, capacity 98400K, committed 99328K, reserved 1134592K
  class space    used 12355K, capacity 13330K, committed 13644K, reserved 1048576K
}
Event: 12.005 GC heap after
{Heap after GC invocations=30 (full 0):
 garbage-first heap   total 175104K, used 94382K [0x0000000080000000, 0x0000000100000000)
  region size 1024K, 6 young (6144K), 6 survivors (6144K)
 Metaspace       used 95805K, capacity 98400K, committed 99328K, reserved 1134592K
  class space    used 12355K, capacity 13330K, committed 13644K, reserved 1048576K
}
Event: 12.549 GC heap before
{Heap before GC invocations=30 (full 0):
 garbage-first heap   total 175104K, used 143534K [0x0000000080000000, 0x0000000100000000)
  region size 1024K, 55 young (56320K), 6 survivors (6144K)
 Metaspace       used 104356K, capacity 107411K, committed 107776K, reserved 1142784K
  class space    used 13623K, capacity 14789K, committed 14924K, reserved 1048576K
}
Event: 12.555 GC heap after
{Heap after GC invocations=31 (full 0):
 garbage-first heap   total 175104K, used 96557K [0x0000000080000000, 0x0000000100000000)
  region size 1024K, 5 young (5120K), 5 survivors (5120K)
 Metaspace       used 104356K, capacity 107411K, committed 107776K, reserved 1142784K
  class space    used 13623K, capacity 14789K, committed 14924K, reserved 1048576K
}
Event: 12.829 GC heap before
{Heap before GC invocations=32 (full 0):
 garbage-first heap   total 175104K, used 140589K [0x0000000080000000, 0x0000000100000000)
  region size 1024K, 50 young (51200K), 5 survivors (5120K)
 Metaspace       used 106539K, capacity 109694K, committed 109824K, reserved 1144832K
  class space    used 13983K, capacity 15173K, committed 15180K, reserved 1048576K
}
Event: 12.850 GC heap after
{Heap after GC invocations=33 (full 0):
 garbage-first heap   total 216064K, used 104141K [0x0000000080000000, 0x0000000100000000)
  region size 1024K, 7 young (7168K), 7 survivors (7168K)
 Metaspace       used 106539K, capacity 109694K, committed 109824K, reserved 1144832K
  class space    used 13983K, capacity 15173K, committed 15180K, reserved 1048576K
}

