# JRE version: OpenJDK Runtime Environment (11.0.12+7) (build 11.0.12+7-b1504.28-7817840)
# Java VM: OpenJDK 64-Bit Server VM (11.0.12+7-b1504.28-7817840, mixed mode, tiered, compressed oops, g1 gc, windows-amd64)
Heap:
 garbage-first heap   total 543744K, used 160973K [0x0000000080000000, 0x0000000100000000)
  region size 1024K, 5 young (5120K), 5 survivors (5120K)
 Metaspace       used 98509K, capacity 100919K, committed 101372K, reserved 1136640K
  class space    used 12810K, capacity 13742K, committed 13952K, reserved 1048576K
GC Heap History (20 events):
Event: 8.165 GC heap after
{Heap after GC invocations=27 (full 0):
 garbage-first heap   total 175104K, used 88375K [0x0000000080000000, 0x0000000100000000)
  region size 1024K, 3 young (3072K), 3 survivors (3072K)
 Metaspace       used 89151K, capacity 91360K, committed 92412K, reserved 1128448K
  class space    used 11449K, capacity 12259K, committed 12672K, reserved 1048576K
}
Event: 8.174 GC heap before
{Heap before GC invocations=27 (full 0):
 garbage-first heap   total 175104K, used 92471K [0x0000000080000000, 0x0000000100000000)
  region size 1024K, 8 young (8192K), 3 survivors (3072K)
 Metaspace       used 89260K, capacity 91424K, committed 92668K, reserved 1130496K
  class space    used 11459K, capacity 12259K, committed 12672K, reserved 1048576K
}
Event: 8.176 GC heap after
{Heap after GC invocations=28 (full 0):
 garbage-first heap   total 175104K, used 84775K [0x0000000080000000, 0x0000000100000000)
  region size 1024K, 1 young (1024K), 1 survivors (1024K)
 Metaspace       used 89260K, capacity 91424K, committed 92668K, reserved 1130496K
  class space    used 11459K, capacity 12259K, committed 12672K, reserved 1048576K
}
Event: 8.238 GC heap before
{Heap before GC invocations=28 (full 0):
 garbage-first heap   total 175104K, used 132903K [0x0000000080000000, 0x0000000100000000)
  region size 1024K, 49 young (50176K), 1 survivors (1024K)
 Metaspace       used 90182K, capacity 92384K, committed 93564K, reserved 1130496K
  class space    used 11588K, capacity 12387K, committed 12800K, reserved 1048576K
}
Event: 8.240 GC heap after
{Heap after GC invocations=29 (full 0):
 garbage-first heap   total 175104K, used 85037K [0x0000000080000000, 0x0000000100000000)
  region size 1024K, 1 young (1024K), 1 survivors (1024K)
 Metaspace       used 90182K, capacity 92384K, committed 93564K, reserved 1130496K
  class space    used 11588K, capacity 12387K, committed 12800K, reserved 1048576K
}
Event: 8.305 GC heap before
{Heap before GC invocations=30 (full 0):
 garbage-first heap   total 175104K, used 137261K [0x0000000080000000, 0x0000000100000000)
  region size 1024K, 52 young (53248K), 1 survivors (1024K)
 Metaspace       used 91046K, capacity 93270K, committed 94460K, reserved 1130496K
  class space    used 11697K, capacity 12511K, committed 12928K, reserved 1048576K
}
Event: 8.306 GC heap after
{Heap after GC invocations=31 (full 0):
 garbage-first heap   total 175104K, used 85821K [0x0000000080000000, 0x0000000100000000)
  region size 1024K, 2 young (2048K), 2 survivors (2048K)
 Metaspace       used 91046K, capacity 93270K, committed 94460K, reserved 1130496K
  class space    used 11697K, capacity 12511K, committed 12928K, reserved 1048576K
}
Event: 8.315 GC heap before
{Heap before GC invocations=31 (full 0):
 garbage-first heap   total 175104K, used 90941K [0x0000000080000000, 0x0000000100000000)
  region size 1024K, 8 young (8192K), 2 survivors (2048K)
 Metaspace       used 91150K, capacity 93334K, committed 94460K, reserved 1130496K
  class space    used 11711K, capacity 12511K, committed 12928K, reserved 1048576K
}
Event: 8.316 GC heap after
{Heap after GC invocations=32 (full 0):
 garbage-first heap   total 175104K, used 85011K [0x0000000080000000, 0x0000000100000000)
  region size 1024K, 1 young (1024K), 1 survivors (1024K)
 Metaspace       used 91150K, capacity 93334K, committed 94460K, reserved 1130496K
  class space    used 11711K, capacity 12511K, committed 12928K, reserved 1048576K
}
Event: 8.389 GC heap before
{Heap before GC invocations=32 (full 0):
 garbage-first heap   total 175104K, used 138259K [0x0000000080000000, 0x0000000100000000)
  region size 1024K, 53 young (54272K), 1 survivors (1024K)
 Metaspace       used 91978K, capacity 94134K, committed 95356K, reserved 1132544K
  class space    used 11794K, capacity 12607K, committed 13056K, reserved 1048576K
}
Event: 8.390 GC heap after
{Heap after GC invocations=33 (full 0):
 garbage-first heap   total 175104K, used 86527K [0x0000000080000000, 0x0000000100000000)
  region size 1024K, 2 young (2048K), 2 survivors (2048K)
 Metaspace       used 91978K, capacity 94134K, committed 95356K, reserved 1132544K
  class space    used 11794K, capacity 12607K, committed 13056K, reserved 1048576K
}
Event: 8.667 GC heap before
{Heap before GC invocations=34 (full 0):
 garbage-first heap   total 175104K, used 124415K [0x0000000080000000, 0x0000000100000000)
  region size 1024K, 41 young (41984K), 2 survivors (2048K)
 Metaspace       used 92891K, capacity 95042K, committed 96124K, reserved 1132544K
  class space    used 11888K, capacity 12733K, committed 13056K, reserved 1048576K
}
Event: 8.672 GC heap after
{Heap after GC invocations=35 (full 0):
 garbage-first heap   total 218112K, used 87378K [0x0000000080000000, 0x0000000100000000)
  region size 1024K, 5 young (5120K), 5 survivors (5120K)
 Metaspace       used 92891K, capacity 95042K, committed 96124K, reserved 1132544K
  class space    used 11888K, capacity 12733K, committed 13056K, reserved 1048576K
}
Event: 8.874 GC heap before
{Heap before GC invocations=36 (full 0):
 garbage-first heap   total 218112K, used 119122K [0x0000000080000000, 0x0000000100000000)
  region size 1024K, 24 young (24576K), 5 survivors (5120K)
 Metaspace       used 95503K, capacity 97708K, committed 98556K, reserved 1134592K
  class space    used 12231K, capacity 13081K, committed 13440K, reserved 1048576K
}
Event: 8.880 GC heap after
{Heap after GC invocations=37 (full 0):
 garbage-first heap   total 218112K, used 105511K [0x0000000080000000, 0x0000000100000000)
  region size 1024K, 9 young (9216K), 9 survivors (9216K)
 Metaspace       used 95503K, capacity 97708K, committed 98556K, reserved 1134592K
  class space    used 12231K, capacity 13081K, committed 13440K, reserved 1048576K
}
Event: 9.038 GC heap before
{Heap before GC invocations=38 (full 0):
 garbage-first heap   total 218112K, used 172071K [0x0000000080000000, 0x0000000100000000)
  region size 1024K, 51 young (52224K), 9 survivors (9216K)
 Metaspace       used 95996K, capacity 98181K, committed 99068K, reserved 1134592K
  class space    used 12303K, capacity 13155K, committed 13440K, reserved 1048576K
}
Event: 9.081 GC heap after
{Heap after GC invocations=39 (full 0):
 garbage-first heap   total 218112K, used 127238K [0x0000000080000000, 0x0000000100000000)
  region size 1024K, 8 young (8192K), 8 survivors (8192K)
 Metaspace       used 95996K, capacity 98181K, committed 99068K, reserved 1134592K
  class space    used 12303K, capacity 13155K, committed 13440K, reserved 1048576K
}
Event: 9.239 GC heap before
{Heap before GC invocations=40 (full 0):
 garbage-first heap   total 218112K, used 170246K [0x0000000080000000, 0x0000000100000000)
  region size 1024K, 49 young (50176K), 8 survivors (8192K)
 Metaspace       used 98478K, capacity 100916K, committed 101372K, reserved 1136640K
  class space    used 12810K, capacity 13742K, committed 13952K, reserved 1048576K
}
Event: 9.287 GC heap after
{Heap after GC invocations=41 (full 0):
 garbage-first heap   total 218112K, used 145800K [0x0000000080000000, 0x0000000100000000)
  region size 1024K, 7 young (7168K), 7 survivors (7168K)
 Metaspace       used 98478K, capacity 100916K, committed 101372K, reserved 1136640K
  class space    used 12810K, capacity 13742K, committed 13952K, reserved 1048576K
}
Event: 9.336 GC heap before
{Heap before GC invocations=41 (full 0):
 garbage-first heap   total 218112K, used 173448K [0x0000000080000000, 0x0000000100000000)
  region size 1024K, 34 young (34816K), 7 survivors (7168K)
 Metaspace       used 98509K, capacity 100919K, committed 101372K, reserved 1136640K
  class space    used 12810K, capacity 13742K, committed 13952K, reserved 1048576K
}

