# JRE version: OpenJDK Runtime Environment (11.0.12+7) (build 11.0.12+7-b1504.28-7817840)
# Java VM: OpenJDK 64-Bit Server VM (11.0.12+7-b1504.28-7817840, mixed mode, tiered, compressed oops, g1 gc, windows-amd64)
Heap:
 garbage-first heap   total 120832K, used 74483K [0x0000000080000000, 0x0000000100000000)
  region size 1024K, 31 young (31744K), 2 survivors (2048K)
 Metaspace       used 62159K, capacity 63717K, committed 63820K, reserved 1103872K
  class space    used 7887K, capacity 8479K, committed 8524K, reserved 1048576K
GC Heap History (20 events):
Event: 2.646 GC heap before
{Heap before GC invocations=1 (full 0):
 garbage-first heap   total 120832K, used 78012K [0x0000000080000000, 0x0000000100000000)
  region size 1024K, 70 young (71680K), 3 survivors (3072K)
 Metaspace       used 16292K, capacity 16611K, committed 16896K, reserved 1064960K
  class space    used 1847K, capacity 1965K, committed 2048K, reserved 1048576K
}
Event: 2.654 GC heap after
{Heap after GC invocations=2 (full 0):
 garbage-first heap   total 120832K, used 15805K [0x0000000080000000, 0x0000000100000000)
  region size 1024K, 9 young (9216K), 9 survivors (9216K)
 Metaspace       used 16292K, capacity 16611K, committed 16896K, reserved 1064960K
  class space    used 1847K, capacity 1965K, committed 2048K, reserved 1048576K
}
Event: 3.242 GC heap before
{Heap before GC invocations=2 (full 0):
 garbage-first heap   total 120832K, used 52669K [0x0000000080000000, 0x0000000100000000)
  region size 1024K, 46 young (47104K), 9 survivors (9216K)
 Metaspace       used 20777K, capacity 21139K, committed 21248K, reserved 1067008K
  class space    used 2539K, capacity 2710K, committed 2816K, reserved 1048576K
}
Event: 3.249 GC heap after
{Heap after GC invocations=3 (full 0):
 garbage-first heap   total 120832K, used 17571K [0x0000000080000000, 0x0000000100000000)
  region size 1024K, 2 young (2048K), 2 survivors (2048K)
 Metaspace       used 20777K, capacity 21139K, committed 21248K, reserved 1067008K
  class space    used 2539K, capacity 2710K, committed 2816K, reserved 1048576K
}
Event: 3.935 GC heap before
{Heap before GC invocations=4 (full 0):
 garbage-first heap   total 120832K, used 68771K [0x0000000080000000, 0x0000000100000000)
  region size 1024K, 52 young (53248K), 2 survivors (2048K)
 Metaspace       used 26090K, capacity 26698K, committed 27008K, reserved 1073152K
  class space    used 3401K, capacity 3616K, committed 3712K, reserved 1048576K
}
Event: 3.937 GC heap after
{Heap after GC invocations=5 (full 0):
 garbage-first heap   total 120832K, used 19314K [0x0000000080000000, 0x0000000100000000)
  region size 1024K, 4 young (4096K), 4 survivors (4096K)
 Metaspace       used 26090K, capacity 26698K, committed 27008K, reserved 1073152K
  class space    used 3401K, capacity 3616K, committed 3712K, reserved 1048576K
}
Event: 4.663 GC heap before
{Heap before GC invocations=5 (full 0):
 garbage-first heap   total 120832K, used 74610K [0x0000000080000000, 0x0000000100000000)
  region size 1024K, 58 young (59392K), 4 survivors (4096K)
 Metaspace       used 31681K, capacity 32441K, committed 32768K, reserved 1077248K
  class space    used 4229K, capacity 4510K, committed 4608K, reserved 1048576K
}
Event: 4.667 GC heap after
{Heap after GC invocations=6 (full 0):
 garbage-first heap   total 120832K, used 21067K [0x0000000080000000, 0x0000000100000000)
  region size 1024K, 6 young (6144K), 6 survivors (6144K)
 Metaspace       used 31681K, capacity 32441K, committed 32768K, reserved 1077248K
  class space    used 4229K, capacity 4510K, committed 4608K, reserved 1048576K
}
Event: 4.923 GC heap before
{Heap before GC invocations=6 (full 0):
 garbage-first heap   total 120832K, used 28235K [0x0000000080000000, 0x0000000100000000)
  region size 1024K, 14 young (14336K), 6 survivors (6144K)
 Metaspace       used 35018K, capacity 35805K, committed 35840K, reserved 1081344K
  class space    used 4528K, capacity 4844K, committed 4864K, reserved 1048576K
}
Event: 4.932 GC heap after
{Heap after GC invocations=7 (full 0):
 garbage-first heap   total 120832K, used 22727K [0x0000000080000000, 0x0000000100000000)
  region size 1024K, 6 young (6144K), 6 survivors (6144K)
 Metaspace       used 35018K, capacity 35805K, committed 35840K, reserved 1081344K
  class space    used 4528K, capacity 4844K, committed 4864K, reserved 1048576K
}
Event: 5.614 GC heap before
{Heap before GC invocations=8 (full 0):
 garbage-first heap   total 120832K, used 85191K [0x0000000080000000, 0x0000000100000000)
  region size 1024K, 65 young (66560K), 6 survivors (6144K)
 Metaspace       used 39903K, capacity 40767K, committed 41036K, reserved 1085440K
  class space    used 5095K, capacity 5428K, committed 5452K, reserved 1048576K
}
Event: 5.620 GC heap after
{Heap after GC invocations=9 (full 0):
 garbage-first heap   total 120832K, used 27940K [0x0000000080000000, 0x0000000100000000)
  region size 1024K, 9 young (9216K), 9 survivors (9216K)
 Metaspace       used 39903K, capacity 40767K, committed 41036K, reserved 1085440K
  class space    used 5095K, capacity 5428K, committed 5452K, reserved 1048576K
}
Event: 6.221 GC heap before
{Heap before GC invocations=9 (full 0):
 garbage-first heap   total 120832K, used 87332K [0x0000000080000000, 0x0000000100000000)
  region size 1024K, 66 young (67584K), 9 survivors (9216K)
 Metaspace       used 45245K, capacity 46280K, committed 46412K, reserved 1089536K
  class space    used 5773K, capacity 6168K, committed 6220K, reserved 1048576K
}
Event: 6.227 GC heap after
{Heap after GC invocations=10 (full 0):
 garbage-first heap   total 120832K, used 30496K [0x0000000080000000, 0x0000000100000000)
  region size 1024K, 4 young (4096K), 4 survivors (4096K)
 Metaspace       used 45245K, capacity 46280K, committed 46412K, reserved 1089536K
  class space    used 5773K, capacity 6168K, committed 6220K, reserved 1048576K
}
Event: 6.775 GC heap before
{Heap before GC invocations=10 (full 0):
 garbage-first heap   total 120832K, used 88864K [0x0000000080000000, 0x0000000100000000)
  region size 1024K, 61 young (62464K), 4 survivors (4096K)
 Metaspace       used 48745K, capacity 50032K, committed 50252K, reserved 1093632K
  class space    used 6226K, capacity 6693K, committed 6732K, reserved 1048576K
}
Event: 6.778 GC heap after
{Heap after GC invocations=11 (full 0):
 garbage-first heap   total 120832K, used 32178K [0x0000000080000000, 0x0000000100000000)
  region size 1024K, 6 young (6144K), 6 survivors (6144K)
 Metaspace       used 48745K, capacity 50032K, committed 50252K, reserved 1093632K
  class space    used 6226K, capacity 6693K, committed 6732K, reserved 1048576K
}
Event: 7.455 GC heap before
{Heap before GC invocations=11 (full 0):
 garbage-first heap   total 120832K, used 94642K [0x0000000080000000, 0x0000000100000000)
  region size 1024K, 63 young (64512K), 6 survivors (6144K)
 Metaspace       used 52225K, capacity 53672K, committed 53836K, reserved 1095680K
  class space    used 6657K, capacity 7204K, committed 7244K, reserved 1048576K
}
Event: 7.461 GC heap after
{Heap after GC invocations=12 (full 0):
 garbage-first heap   total 120832K, used 45056K [0x0000000080000000, 0x0000000100000000)
  region size 1024K, 8 young (8192K), 8 survivors (8192K)
 Metaspace       used 52225K, capacity 53672K, committed 53836K, reserved 1095680K
  class space    used 6657K, capacity 7204K, committed 7244K, reserved 1048576K
}
Event: 7.961 GC heap before
{Heap before GC invocations=12 (full 0):
 garbage-first heap   total 120832K, used 89088K [0x0000000080000000, 0x0000000100000000)
  region size 1024K, 52 young (53248K), 8 survivors (8192K)
 Metaspace       used 58430K, capacity 59985K, committed 60236K, reserved 1101824K
  class space    used 7425K, capacity 8002K, committed 8012K, reserved 1048576K
}
Event: 7.968 GC heap after
{Heap after GC invocations=13 (full 0):
 garbage-first heap   total 120832K, used 46835K [0x0000000080000000, 0x0000000100000000)
  region size 1024K, 2 young (2048K), 2 survivors (2048K)
 Metaspace       used 58430K, capacity 59985K, committed 60236K, reserved 1101824K
  class space    used 7425K, capacity 8002K, committed 8012K, reserved 1048576K
}

