# JRE version: OpenJDK Runtime Environment (11.0.12+7) (build 11.0.12+7-b1504.28-7817840)
# Java VM: OpenJDK 64-Bit Server VM (11.0.12+7-b1504.28-7817840, mixed mode, tiered, compressed oops, g1 gc, windows-amd64)
Heap:
 garbage-first heap   total 145408K, used 97573K [0x0000000080000000, 0x0000000100000000)
  region size 1024K, 72 young (73728K), 4 survivors (4096K)
 Metaspace       used 48621K, capacity 49851K, committed 50172K, reserved 1093632K
  class space    used 6217K, capacity 6694K, committed 6784K, reserved 1048576K
GC Heap History (16 events):
Event: 0.364 GC heap before
{Heap before GC invocations=0 (full 0):
 garbage-first heap   total 120832K, used 29696K [0x0000000080000000, 0x0000000100000000)
  region size 1024K, 24 young (24576K), 0 survivors (0K)
 Metaspace       used 9816K, capacity 10024K, committed 10112K, reserved 1058816K
  class space    used 1008K, capacity 1069K, committed 1152K, reserved 1048576K
}
Event: 0.368 GC heap after
{Heap after GC invocations=1 (full 0):
 garbage-first heap   total 120832K, used 9074K [0x0000000080000000, 0x0000000100000000)
  region size 1024K, 3 young (3072K), 3 survivors (3072K)
 Metaspace       used 9816K, capacity 10024K, committed 10112K, reserved 1058816K
  class space    used 1008K, capacity 1069K, committed 1152K, reserved 1048576K
}
Event: 1.377 GC heap before
{Heap before GC invocations=1 (full 0):
 garbage-first heap   total 120832K, used 77682K [0x0000000080000000, 0x0000000100000000)
  region size 1024K, 70 young (71680K), 3 survivors (3072K)
 Metaspace       used 16533K, capacity 16912K, committed 17152K, reserved 1064960K
  class space    used 1883K, capacity 2002K, committed 2048K, reserved 1048576K
}
Event: 1.381 GC heap after
{Heap after GC invocations=2 (full 0):
 garbage-first heap   total 120832K, used 15577K [0x0000000080000000, 0x0000000100000000)
  region size 1024K, 9 young (9216K), 9 survivors (9216K)
 Metaspace       used 16533K, capacity 16912K, committed 17152K, reserved 1064960K
  class space    used 1883K, capacity 2002K, committed 2048K, reserved 1048576K
}
Event: 1.643 GC heap before
{Heap before GC invocations=2 (full 0):
 garbage-first heap   total 120832K, used 53465K [0x0000000080000000, 0x0000000100000000)
  region size 1024K, 47 young (48128K), 9 survivors (9216K)
 Metaspace       used 20741K, capacity 21171K, committed 21296K, reserved 1069056K
  class space    used 2532K, capacity 2678K, committed 2688K, reserved 1048576K
}
Event: 1.648 GC heap after
{Heap after GC invocations=3 (full 0):
 garbage-first heap   total 120832K, used 17157K [0x0000000080000000, 0x0000000100000000)
  region size 1024K, 2 young (2048K), 2 survivors (2048K)
 Metaspace       used 20741K, capacity 21171K, committed 21296K, reserved 1069056K
  class space    used 2532K, capacity 2678K, committed 2688K, reserved 1048576K
}
Event: 1.949 GC heap before
{Heap before GC invocations=4 (full 0):
 garbage-first heap   total 120832K, used 68357K [0x0000000080000000, 0x0000000100000000)
  region size 1024K, 52 young (53248K), 2 survivors (2048K)
 Metaspace       used 26039K, capacity 26583K, committed 26800K, reserved 1073152K
  class space    used 3353K, capacity 3551K, committed 3584K, reserved 1048576K
}
Event: 1.951 GC heap after
{Heap after GC invocations=5 (full 0):
 garbage-first heap   total 120832K, used 18882K [0x0000000080000000, 0x0000000100000000)
  region size 1024K, 4 young (4096K), 4 survivors (4096K)
 Metaspace       used 26039K, capacity 26583K, committed 26800K, reserved 1073152K
  class space    used 3353K, capacity 3551K, committed 3584K, reserved 1048576K
}
Event: 2.316 GC heap before
{Heap before GC invocations=5 (full 0):
 garbage-first heap   total 120832K, used 74178K [0x0000000080000000, 0x0000000100000000)
  region size 1024K, 58 young (59392K), 4 survivors (4096K)
 Metaspace       used 32151K, capacity 32878K, committed 32944K, reserved 1077248K
  class space    used 4271K, capacity 4551K, committed 4608K, reserved 1048576K
}
Event: 2.319 GC heap after
{Heap after GC invocations=6 (full 0):
 garbage-first heap   total 120832K, used 20865K [0x0000000080000000, 0x0000000100000000)
  region size 1024K, 6 young (6144K), 6 survivors (6144K)
 Metaspace       used 32151K, capacity 32878K, committed 32944K, reserved 1077248K
  class space    used 4271K, capacity 4551K, committed 4608K, reserved 1048576K
}
Event: 2.433 GC heap before
{Heap before GC invocations=6 (full 0):
 garbage-first heap   total 120832K, used 25985K [0x0000000080000000, 0x0000000100000000)
  region size 1024K, 12 young (12288K), 6 survivors (6144K)
 Metaspace       used 34834K, capacity 35630K, committed 35708K, reserved 1081344K
  class space    used 4486K, capacity 4807K, committed 4864K, reserved 1048576K
}
Event: 2.440 GC heap after
{Heap after GC invocations=7 (full 0):
 garbage-first heap   total 120832K, used 22220K [0x0000000080000000, 0x0000000100000000)
  region size 1024K, 6 young (6144K), 6 survivors (6144K)
 Metaspace       used 34834K, capacity 35630K, committed 35708K, reserved 1081344K
  class space    used 4486K, capacity 4807K, committed 4864K, reserved 1048576K
}
Event: 2.802 GC heap before
{Heap before GC invocations=8 (full 0):
 garbage-first heap   total 120832K, used 82636K [0x0000000080000000, 0x0000000100000000)
  region size 1024K, 63 young (64512K), 6 survivors (6144K)
 Metaspace       used 39714K, capacity 40633K, committed 40956K, reserved 1085440K
  class space    used 5057K, capacity 5385K, committed 5504K, reserved 1048576K
}
Event: 2.807 GC heap after
{Heap after GC invocations=9 (full 0):
 garbage-first heap   total 120832K, used 27481K [0x0000000080000000, 0x0000000100000000)
  region size 1024K, 8 young (8192K), 8 survivors (8192K)
 Metaspace       used 39714K, capacity 40633K, committed 40956K, reserved 1085440K
  class space    used 5057K, capacity 5385K, committed 5504K, reserved 1048576K
}
Event: 3.159 GC heap before
{Heap before GC invocations=9 (full 0):
 garbage-first heap   total 120832K, used 85849K [0x0000000080000000, 0x0000000100000000)
  region size 1024K, 64 young (65536K), 8 survivors (8192K)
 Metaspace       used 44980K, capacity 46008K, committed 46332K, reserved 1089536K
  class space    used 5770K, capacity 6163K, committed 6272K, reserved 1048576K
}
Event: 3.164 GC heap after
{Heap after GC invocations=10 (full 0):
 garbage-first heap   total 145408K, used 29989K [0x0000000080000000, 0x0000000100000000)
  region size 1024K, 4 young (4096K), 4 survivors (4096K)
 Metaspace       used 44980K, capacity 46008K, committed 46332K, reserved 1089536K
  class space    used 5770K, capacity 6163K, committed 6272K, reserved 1048576K
}

