# JRE version: OpenJDK Runtime Environment (11.0.12+7) (build 11.0.12+7-b1504.28-7817840)
# Java VM: OpenJDK 64-Bit Server VM (11.0.12+7-b1504.28-7817840, mixed mode, tiered, compressed oops, g1 gc, windows-amd64)
Heap:
 garbage-first heap   total 253952K, used 110475K [0x0000000080000000, 0x0000000100000000)
  region size 1024K, 2 young (2048K), 2 survivors (2048K)
 Metaspace       used 110432K, capacity 115791K, committed 116096K, reserved 1148928K
  class space    used 15053K, capacity 17277K, committed 17356K, reserved 1048576K
GC Heap History (20 events):
Event: 10.348 GC heap after
{Heap after GC invocations=22 (full 0):
 garbage-first heap   total 175104K, used 75991K [0x0000000080000000, 0x0000000100000000)
  region size 1024K, 4 young (4096K), 4 survivors (4096K)
 Metaspace       used 84251K, capacity 87031K, committed 87296K, reserved 1124352K
  class space    used 11184K, capacity 12254K, committed 12364K, reserved 1048576K
}
Event: 10.567 GC heap before
{Heap before GC invocations=23 (full 0):
 garbage-first heap   total 175104K, used 132311K [0x0000000080000000, 0x0000000100000000)
  region size 1024K, 60 young (61440K), 4 survivors (4096K)
 Metaspace       used 84618K, capacity 87425K, committed 87808K, reserved 1124352K
  class space    used 11193K, capacity 12246K, committed 12364K, reserved 1048576K
}
Event: 10.571 GC heap after
{Heap after GC invocations=24 (full 0):
 garbage-first heap   total 175104K, used 80001K [0x0000000080000000, 0x0000000100000000)
  region size 1024K, 8 young (8192K), 8 survivors (8192K)
 Metaspace       used 84618K, capacity 87425K, committed 87808K, reserved 1124352K
  class space    used 11193K, capacity 12246K, committed 12364K, reserved 1048576K
}
Event: 10.771 GC heap before
{Heap before GC invocations=24 (full 0):
 garbage-first heap   total 175104K, used 135297K [0x0000000080000000, 0x0000000100000000)
  region size 1024K, 63 young (64512K), 8 survivors (8192K)
 Metaspace       used 86043K, capacity 88851K, committed 89216K, reserved 1126400K
  class space    used 11317K, capacity 12362K, committed 12492K, reserved 1048576K
}
Event: 10.778 GC heap after
{Heap after GC invocations=25 (full 0):
 garbage-first heap   total 175104K, used 83827K [0x0000000080000000, 0x0000000100000000)
  region size 1024K, 5 young (5120K), 5 survivors (5120K)
 Metaspace       used 86043K, capacity 88851K, committed 89216K, reserved 1126400K
  class space    used 11317K, capacity 12362K, committed 12492K, reserved 1048576K
}
Event: 11.255 GC heap before
{Heap before GC invocations=25 (full 0):
 garbage-first heap   total 175104K, used 137075K [0x0000000080000000, 0x0000000100000000)
  region size 1024K, 59 young (60416K), 5 survivors (5120K)
 Metaspace       used 92325K, capacity 95190K, committed 95360K, reserved 1132544K
  class space    used 12127K, capacity 13197K, committed 13260K, reserved 1048576K
}
Event: 11.272 GC heap after
{Heap after GC invocations=26 (full 0):
 garbage-first heap   total 175104K, used 89249K [0x0000000080000000, 0x0000000100000000)
  region size 1024K, 8 young (8192K), 8 survivors (8192K)
 Metaspace       used 92325K, capacity 95190K, committed 95360K, reserved 1132544K
  class space    used 12127K, capacity 13197K, committed 13260K, reserved 1048576K
}
Event: 11.819 GC heap before
{Heap before GC invocations=27 (full 0):
 garbage-first heap   total 175104K, used 143521K [0x0000000080000000, 0x0000000100000000)
  region size 1024K, 60 young (61440K), 8 survivors (8192K)
 Metaspace       used 93551K, capacity 95985K, committed 97280K, reserved 1132544K
  class space    used 12047K, capacity 12935K, committed 13388K, reserved 1048576K
}
Event: 11.825 GC heap after
{Heap after GC invocations=28 (full 0):
 garbage-first heap   total 175104K, used 93528K [0x0000000080000000, 0x0000000100000000)
  region size 1024K, 3 young (3072K), 3 survivors (3072K)
 Metaspace       used 93551K, capacity 95985K, committed 97280K, reserved 1132544K
  class space    used 12047K, capacity 12935K, committed 13388K, reserved 1048576K
}
Event: 11.959 GC heap before
{Heap before GC invocations=28 (full 0):
 garbage-first heap   total 175104K, used 142680K [0x0000000080000000, 0x0000000100000000)
  region size 1024K, 52 young (53248K), 3 survivors (3072K)
 Metaspace       used 93834K, capacity 96317K, committed 97664K, reserved 1134592K
  class space    used 12089K, capacity 12995K, committed 13516K, reserved 1048576K
}
Event: 11.964 GC heap after
{Heap after GC invocations=29 (full 0):
 garbage-first heap   total 175104K, used 94844K [0x0000000080000000, 0x0000000100000000)
  region size 1024K, 4 young (4096K), 4 survivors (4096K)
 Metaspace       used 93834K, capacity 96317K, committed 97664K, reserved 1134592K
  class space    used 12089K, capacity 12995K, committed 13516K, reserved 1048576K
}
Event: 12.090 GC heap before
{Heap before GC invocations=30 (full 0):
 garbage-first heap   total 175104K, used 125564K [0x0000000080000000, 0x0000000100000000)
  region size 1024K, 36 young (36864K), 4 survivors (4096K)
 Metaspace       used 94062K, capacity 96653K, committed 97920K, reserved 1134592K
  class space    used 12106K, capacity 13061K, committed 13516K, reserved 1048576K
}
Event: 12.097 GC heap after
{Heap after GC invocations=31 (full 0):
 garbage-first heap   total 210944K, used 96550K [0x0000000080000000, 0x0000000100000000)
  region size 1024K, 5 young (5120K), 5 survivors (5120K)
 Metaspace       used 94062K, capacity 96653K, committed 97920K, reserved 1134592K
  class space    used 12106K, capacity 13061K, committed 13516K, reserved 1048576K
}
Event: 12.474 GC heap before
{Heap before GC invocations=32 (full 0):
 garbage-first heap   total 210944K, used 154918K [0x0000000080000000, 0x0000000100000000)
  region size 1024K, 63 young (64512K), 5 survivors (5120K)
 Metaspace       used 99608K, capacity 102813K, committed 103040K, reserved 1138688K
  class space    used 13002K, capacity 14206K, committed 14284K, reserved 1048576K
}
Event: 12.482 GC heap after
{Heap after GC invocations=33 (full 0):
 garbage-first heap   total 210944K, used 103056K [0x0000000080000000, 0x0000000100000000)
  region size 1024K, 8 young (8192K), 8 survivors (8192K)
 Metaspace       used 99608K, capacity 102813K, committed 103040K, reserved 1138688K
  class space    used 13002K, capacity 14206K, committed 14284K, reserved 1048576K
}
Event: 12.731 GC heap before
{Heap before GC invocations=33 (full 0):
 garbage-first heap   total 210944K, used 158352K [0x0000000080000000, 0x0000000100000000)
  region size 1024K, 63 young (64512K), 8 survivors (8192K)
 Metaspace       used 107219K, capacity 112069K, committed 112384K, reserved 1144832K
  class space    used 14592K, capacity 16596K, committed 16716K, reserved 1048576K
}
Event: 12.747 GC heap after
{Heap after GC invocations=34 (full 0):
 garbage-first heap   total 210944K, used 110140K [0x0000000080000000, 0x0000000100000000)
  region size 1024K, 7 young (7168K), 7 survivors (7168K)
 Metaspace       used 107219K, capacity 112069K, committed 112384K, reserved 1144832K
  class space    used 14592K, capacity 16596K, committed 16716K, reserved 1048576K
}
Event: 12.915 GC heap before
{Heap before GC invocations=35 (full 0):
 garbage-first heap   total 210944K, used 163388K [0x0000000080000000, 0x0000000100000000)
  region size 1024K, 61 young (62464K), 7 survivors (7168K)
 Metaspace       used 110361K, capacity 115778K, committed 116096K, reserved 1148928K
  class space    used 15052K, capacity 17276K, committed 17356K, reserved 1048576K
}
Event: 12.920 GC heap after
{Heap after GC invocations=36 (full 0):
 garbage-first heap   total 210944K, used 113675K [0x0000000080000000, 0x0000000100000000)
  region size 1024K, 6 young (6144K), 6 survivors (6144K)
 Metaspace       used 110361K, capacity 115778K, committed 116096K, reserved 1148928K
  class space    used 15052K, capacity 17276K, committed 17356K, reserved 1048576K
}
Event: 12.960 GC heap before
{Heap before GC invocations=36 (full 0):
 garbage-first heap   total 210944K, used 119819K [0x0000000080000000, 0x0000000100000000)
  region size 1024K, 14 young (14336K), 6 survivors (6144K)
 Metaspace       used 110432K, capacity 115791K, committed 116096K, reserved 1148928K
  class space    used 15053K, capacity 17277K, committed 17356K, reserved 1048576K
}

