# JRE version: OpenJDK Runtime Environment (11.0.12+7) (build 11.0.12+7-b1504.28-7817840)
# Java VM: OpenJDK 64-Bit Server VM (11.0.12+7-b1504.28-7817840, mixed mode, tiered, compressed oops, g1 gc, windows-amd64)
Heap:
 garbage-first heap   total 120832K, used 72902K [0x0000000080000000, 0x0000000100000000)
  region size 1024K, 54 young (55296K), 9 survivors (9216K)
 Metaspace       used 44418K, capacity 45495K, committed 45564K, reserved 1089536K
  class space    used 5646K, capacity 6013K, committed 6016K, reserved 1048576K
GC Heap History (14 events):
Event: 0.714 GC heap before
{Heap before GC invocations=0 (full 0):
 garbage-first heap   total 120832K, used 29696K [0x0000000080000000, 0x0000000100000000)
  region size 1024K, 24 young (24576K), 0 survivors (0K)
 Metaspace       used 9752K, capacity 9964K, committed 10112K, reserved 1058816K
  class space    used 1000K, capacity 1069K, committed 1152K, reserved 1048576K
}
Event: 0.721 GC heap after
{Heap after GC invocations=1 (full 0):
 garbage-first heap   total 120832K, used 9135K [0x0000000080000000, 0x0000000100000000)
  region size 1024K, 3 young (3072K), 3 survivors (3072K)
 Metaspace       used 9752K, capacity 9964K, committed 10112K, reserved 1058816K
  class space    used 1000K, capacity 1069K, committed 1152K, reserved 1048576K
}
Event: 2.539 GC heap before
{Heap before GC invocations=1 (full 0):
 garbage-first heap   total 120832K, used 77743K [0x0000000080000000, 0x0000000100000000)
  region size 1024K, 70 young (71680K), 3 survivors (3072K)
 Metaspace       used 16140K, capacity 16487K, committed 16640K, reserved 1064960K
  class space    used 1832K, capacity 1965K, committed 2048K, reserved 1048576K
}
Event: 2.546 GC heap after
{Heap after GC invocations=2 (full 0):
 garbage-first heap   total 120832K, used 15789K [0x0000000080000000, 0x0000000100000000)
  region size 1024K, 9 young (9216K), 9 survivors (9216K)
 Metaspace       used 16140K, capacity 16487K, committed 16640K, reserved 1064960K
  class space    used 1832K, capacity 1965K, committed 2048K, reserved 1048576K
}
Event: 2.967 GC heap before
{Heap before GC invocations=2 (full 0):
 garbage-first heap   total 120832K, used 53677K [0x0000000080000000, 0x0000000100000000)
  region size 1024K, 47 young (48128K), 9 survivors (9216K)
 Metaspace       used 20759K, capacity 21111K, committed 21296K, reserved 1069056K
  class space    used 2536K, capacity 2678K, committed 2688K, reserved 1048576K
}
Event: 2.977 GC heap after
{Heap after GC invocations=3 (full 0):
 garbage-first heap   total 120832K, used 17510K [0x0000000080000000, 0x0000000100000000)
  region size 1024K, 2 young (2048K), 2 survivors (2048K)
 Metaspace       used 20759K, capacity 21111K, committed 21296K, reserved 1069056K
  class space    used 2536K, capacity 2678K, committed 2688K, reserved 1048576K
}
Event: 3.527 GC heap before
{Heap before GC invocations=4 (full 0):
 garbage-first heap   total 120832K, used 68710K [0x0000000080000000, 0x0000000100000000)
  region size 1024K, 52 young (53248K), 2 survivors (2048K)
 Metaspace       used 26088K, capacity 26702K, committed 26928K, reserved 1073152K
  class space    used 3401K, capacity 3616K, committed 3712K, reserved 1048576K
}
Event: 3.534 GC heap after
{Heap after GC invocations=5 (full 0):
 garbage-first heap   total 120832K, used 19139K [0x0000000080000000, 0x0000000100000000)
  region size 1024K, 4 young (4096K), 4 survivors (4096K)
 Metaspace       used 26088K, capacity 26702K, committed 26928K, reserved 1073152K
  class space    used 3401K, capacity 3616K, committed 3712K, reserved 1048576K
}
Event: 4.086 GC heap before
{Heap before GC invocations=5 (full 0):
 garbage-first heap   total 120832K, used 74435K [0x0000000080000000, 0x0000000100000000)
  region size 1024K, 58 young (59392K), 4 survivors (4096K)
 Metaspace       used 31593K, capacity 32317K, committed 32432K, reserved 1077248K
  class space    used 4209K, capacity 4510K, committed 4608K, reserved 1048576K
}
Event: 4.092 GC heap after
{Heap after GC invocations=6 (full 0):
 garbage-first heap   total 120832K, used 20908K [0x0000000080000000, 0x0000000100000000)
  region size 1024K, 6 young (6144K), 6 survivors (6144K)
 Metaspace       used 31593K, capacity 32317K, committed 32432K, reserved 1077248K
  class space    used 4209K, capacity 4510K, committed 4608K, reserved 1048576K
}
Event: 4.307 GC heap before
{Heap before GC invocations=6 (full 0):
 garbage-first heap   total 120832K, used 29100K [0x0000000080000000, 0x0000000100000000)
  region size 1024K, 15 young (15360K), 6 survivors (6144K)
 Metaspace       used 34801K, capacity 35585K, committed 35708K, reserved 1081344K
  class space    used 4499K, capacity 4812K, committed 4864K, reserved 1048576K
}
Event: 4.315 GC heap after
{Heap after GC invocations=7 (full 0):
 garbage-first heap   total 120832K, used 22550K [0x0000000080000000, 0x0000000100000000)
  region size 1024K, 6 young (6144K), 6 survivors (6144K)
 Metaspace       used 34801K, capacity 35585K, committed 35708K, reserved 1081344K
  class space    used 4499K, capacity 4812K, committed 4864K, reserved 1048576K
}
Event: 4.922 GC heap before
{Heap before GC invocations=8 (full 0):
 garbage-first heap   total 120832K, used 85014K [0x0000000080000000, 0x0000000100000000)
  region size 1024K, 65 young (66560K), 6 survivors (6144K)
 Metaspace       used 39916K, capacity 40770K, committed 40956K, reserved 1085440K
  class space    used 5097K, capacity 5428K, committed 5504K, reserved 1048576K
}
Event: 4.929 GC heap after
{Heap after GC invocations=9 (full 0):
 garbage-first heap   total 120832K, used 27846K [0x0000000080000000, 0x0000000100000000)
  region size 1024K, 9 young (9216K), 9 survivors (9216K)
 Metaspace       used 39916K, capacity 40770K, committed 40956K, reserved 1085440K
  class space    used 5097K, capacity 5428K, committed 5504K, reserved 1048576K
}

