# JRE version: OpenJDK Runtime Environment (11.0.12+7) (build 11.0.12+7-b1504.28-7817840)
# Java VM: OpenJDK 64-Bit Server VM (11.0.12+7-b1504.28-7817840, mixed mode, tiered, compressed oops, g1 gc, windows-amd64)
Heap:
 garbage-first heap   total 214016K, used 150571K [0x0000000080000000, 0x0000000100000000)
  region size 1024K, 42 young (43008K), 8 survivors (8192K)
 Metaspace       used 110784K, capacity 115975K, committed 117580K, reserved 1148928K
  class space    used 15068K, capacity 17221K, committed 17740K, reserved 1048576K
GC Heap History (20 events):
Event: 9.862 GC heap before
{Heap before GC invocations=19 (full 0):
 garbage-first heap   total 175104K, used 131624K [0x0000000080000000, 0x0000000100000000)
  region size 1024K, 72 young (73728K), 7 survivors (7168K)
 Metaspace       used 82419K, capacity 84633K, committed 84940K, reserved 1122304K
  class space    used 10816K, capacity 11651K, committed 11724K, reserved 1048576K
}
Event: 9.869 GC heap after
{Heap after GC invocations=20 (full 0):
 garbage-first heap   total 175104K, used 71540K [0x0000000080000000, 0x0000000100000000)
  region size 1024K, 9 young (9216K), 9 survivors (9216K)
 Metaspace       used 82419K, capacity 84633K, committed 84940K, reserved 1122304K
  class space    used 10816K, capacity 11651K, committed 11724K, reserved 1048576K
}
Event: 10.055 GC heap before
{Heap before GC invocations=20 (full 0):
 garbage-first heap   total 175104K, used 134004K [0x0000000080000000, 0x0000000100000000)
  region size 1024K, 71 young (72704K), 9 survivors (9216K)
 Metaspace       used 84084K, capacity 86886K, committed 87116K, reserved 1124352K
  class space    used 11179K, capacity 12237K, committed 12364K, reserved 1048576K
}
Event: 10.061 GC heap after
{Heap after GC invocations=21 (full 0):
 garbage-first heap   total 175104K, used 75482K [0x0000000080000000, 0x0000000100000000)
  region size 1024K, 5 young (5120K), 5 survivors (5120K)
 Metaspace       used 84084K, capacity 86886K, committed 87116K, reserved 1124352K
  class space    used 11179K, capacity 12237K, committed 12364K, reserved 1048576K
}
Event: 10.307 GC heap before
{Heap before GC invocations=21 (full 0):
 garbage-first heap   total 175104K, used 136922K [0x0000000080000000, 0x0000000100000000)
  region size 1024K, 66 young (67584K), 5 survivors (5120K)
 Metaspace       used 84714K, capacity 87514K, committed 87628K, reserved 1124352K
  class space    used 11228K, capacity 12299K, committed 12364K, reserved 1048576K
}
Event: 10.324 GC heap after
{Heap after GC invocations=22 (full 0):
 garbage-first heap   total 175104K, used 80175K [0x0000000080000000, 0x0000000100000000)
  region size 1024K, 9 young (9216K), 9 survivors (9216K)
 Metaspace       used 84714K, capacity 87514K, committed 87628K, reserved 1124352K
  class space    used 11228K, capacity 12299K, committed 12364K, reserved 1048576K
}
Event: 10.549 GC heap before
{Heap before GC invocations=22 (full 0):
 garbage-first heap   total 175104K, used 139567K [0x0000000080000000, 0x0000000100000000)
  region size 1024K, 68 young (69632K), 9 survivors (9216K)
 Metaspace       used 86050K, capacity 88888K, committed 89036K, reserved 1126400K
  class space    used 11340K, capacity 12415K, committed 12492K, reserved 1048576K
}
Event: 10.556 GC heap after
{Heap after GC invocations=23 (full 0):
 garbage-first heap   total 175104K, used 83828K [0x0000000080000000, 0x0000000100000000)
  region size 1024K, 5 young (5120K), 5 survivors (5120K)
 Metaspace       used 86050K, capacity 88888K, committed 89036K, reserved 1126400K
  class space    used 11340K, capacity 12415K, committed 12492K, reserved 1048576K
}
Event: 11.040 GC heap before
{Heap before GC invocations=23 (full 0):
 garbage-first heap   total 175104K, used 139124K [0x0000000080000000, 0x0000000100000000)
  region size 1024K, 61 young (62464K), 5 survivors (5120K)
 Metaspace       used 92483K, capacity 95463K, committed 95820K, reserved 1132544K
  class space    used 12165K, capacity 13286K, committed 13388K, reserved 1048576K
}
Event: 11.060 GC heap after
{Heap after GC invocations=24 (full 0):
 garbage-first heap   total 175104K, used 89582K [0x0000000080000000, 0x0000000100000000)
  region size 1024K, 8 young (8192K), 8 survivors (8192K)
 Metaspace       used 92483K, capacity 95463K, committed 95820K, reserved 1132544K
  class space    used 12165K, capacity 13286K, committed 13388K, reserved 1048576K
}
Event: 11.755 GC heap before
{Heap before GC invocations=25 (full 0):
 garbage-first heap   total 175104K, used 144878K [0x0000000080000000, 0x0000000100000000)
  region size 1024K, 60 young (61440K), 8 survivors (8192K)
 Metaspace       used 93592K, capacity 96104K, committed 97740K, reserved 1134592K
  class space    used 12072K, capacity 13015K, committed 13516K, reserved 1048576K
}
Event: 11.764 GC heap after
{Heap after GC invocations=26 (full 0):
 garbage-first heap   total 214016K, used 92703K [0x0000000080000000, 0x0000000100000000)
  region size 1024K, 3 young (3072K), 3 survivors (3072K)
 Metaspace       used 93592K, capacity 96104K, committed 97740K, reserved 1134592K
  class space    used 12072K, capacity 13015K, committed 13516K, reserved 1048576K
}
Event: 11.961 GC heap before
{Heap before GC invocations=26 (full 0):
 garbage-first heap   total 214016K, used 159263K [0x0000000080000000, 0x0000000100000000)
  region size 1024K, 69 young (70656K), 3 survivors (3072K)
 Metaspace       used 93759K, capacity 96238K, committed 97740K, reserved 1134592K
  class space    used 12099K, capacity 13032K, committed 13516K, reserved 1048576K
}
Event: 11.966 GC heap after
{Heap after GC invocations=27 (full 0):
 garbage-first heap   total 214016K, used 94864K [0x0000000080000000, 0x0000000100000000)
  region size 1024K, 5 young (5120K), 5 survivors (5120K)
 Metaspace       used 93759K, capacity 96238K, committed 97740K, reserved 1134592K
  class space    used 12099K, capacity 13032K, committed 13516K, reserved 1048576K
}
Event: 12.425 GC heap before
{Heap before GC invocations=27 (full 0):
 garbage-first heap   total 214016K, used 164496K [0x0000000080000000, 0x0000000100000000)
  region size 1024K, 72 young (73728K), 5 survivors (5120K)
 Metaspace       used 99449K, capacity 102604K, committed 102860K, reserved 1138688K
  class space    used 12989K, capacity 14183K, committed 14284K, reserved 1048576K
}
Event: 12.455 GC heap after
{Heap after GC invocations=28 (full 0):
 garbage-first heap   total 214016K, used 104369K [0x0000000080000000, 0x0000000100000000)
  region size 1024K, 9 young (9216K), 9 survivors (9216K)
 Metaspace       used 99449K, capacity 102604K, committed 102860K, reserved 1138688K
  class space    used 12989K, capacity 14183K, committed 14284K, reserved 1048576K
}
Event: 12.774 GC heap before
{Heap before GC invocations=28 (full 0):
 garbage-first heap   total 214016K, used 166833K [0x0000000080000000, 0x0000000100000000)
  region size 1024K, 71 young (72704K), 9 survivors (9216K)
 Metaspace       used 107569K, capacity 112529K, committed 112588K, reserved 1144832K
  class space    used 14735K, capacity 16830K, committed 16844K, reserved 1048576K
}
Event: 12.787 GC heap after
{Heap after GC invocations=29 (full 0):
 garbage-first heap   total 214016K, used 111706K [0x0000000080000000, 0x0000000100000000)
  region size 1024K, 8 young (8192K), 8 survivors (8192K)
 Metaspace       used 107569K, capacity 112529K, committed 112588K, reserved 1144832K
  class space    used 14735K, capacity 16830K, committed 16844K, reserved 1048576K
}
Event: 12.945 GC heap before
{Heap before GC invocations=29 (full 0):
 garbage-first heap   total 214016K, used 170074K [0x0000000080000000, 0x0000000100000000)
  region size 1024K, 66 young (67584K), 8 survivors (8192K)
 Metaspace       used 111202K, capacity 116953K, committed 117068K, reserved 1148928K
  class space    used 15309K, capacity 17694K, committed 17740K, reserved 1048576K
}
Event: 12.952 GC heap after
{Heap after GC invocations=30 (full 0):
 garbage-first heap   total 214016K, used 116779K [0x0000000080000000, 0x0000000100000000)
  region size 1024K, 8 young (8192K), 8 survivors (8192K)
 Metaspace       used 111202K, capacity 116953K, committed 117068K, reserved 1148928K
  class space    used 15309K, capacity 17694K, committed 17740K, reserved 1048576K
}

