# JRE version: OpenJDK Runtime Environment (11.0.12+7) (build 11.0.12+7-b1504.28-7817840)
# Java VM: OpenJDK 64-Bit Server VM (11.0.12+7-b1504.28-7817840, mixed mode, tiered, compressed oops, g1 gc, windows-amd64)
Heap:
 garbage-first heap   total 292864K, used 123171K [0x0000000080000000, 0x0000000100000000)
  region size 1024K, 7 young (7168K), 7 survivors (7168K)
 Metaspace       used 101118K, capacity 103962K, committed 104320K, reserved 1138688K
  class space    used 13279K, capacity 14411K, committed 14540K, reserved 1048576K
GC Heap History (20 events):
Event: 7.196 GC heap after
{Heap after GC invocations=20 (full 0):
 garbage-first heap   total 145408K, used 68781K [0x0000000080000000, 0x0000000100000000)
  region size 1024K, 7 young (7168K), 7 survivors (7168K)
 Metaspace       used 81387K, capacity 83585K, committed 83712K, reserved 1122304K
  class space    used 10718K, capacity 11530K, committed 11596K, reserved 1048576K
}
Event: 7.477 GC heap before
{Heap before GC invocations=20 (full 0):
 garbage-first heap   total 145408K, used 114861K [0x0000000080000000, 0x0000000100000000)
  region size 1024K, 53 young (54272K), 7 survivors (7168K)
 Metaspace       used 83916K, capacity 86738K, committed 87040K, reserved 1124352K
  class space    used 11187K, capacity 12259K, committed 12364K, reserved 1048576K
}
Event: 7.483 GC heap after
{Heap after GC invocations=21 (full 0):
 garbage-first heap   total 145408K, used 72420K [0x0000000080000000, 0x0000000100000000)
  region size 1024K, 7 young (7168K), 7 survivors (7168K)
 Metaspace       used 83916K, capacity 86738K, committed 87040K, reserved 1124352K
  class space    used 11187K, capacity 12259K, committed 12364K, reserved 1048576K
}
Event: 7.631 GC heap before
{Heap before GC invocations=21 (full 0):
 garbage-first heap   total 145408K, used 116452K [0x0000000080000000, 0x0000000100000000)
  region size 1024K, 51 young (52224K), 7 survivors (7168K)
 Metaspace       used 84258K, capacity 87053K, committed 87296K, reserved 1124352K
  class space    used 11191K, capacity 12265K, committed 12364K, reserved 1048576K
}
Event: 7.639 GC heap after
{Heap after GC invocations=22 (full 0):
 garbage-first heap   total 175104K, used 75356K [0x0000000080000000, 0x0000000100000000)
  region size 1024K, 7 young (7168K), 7 survivors (7168K)
 Metaspace       used 84258K, capacity 87053K, committed 87296K, reserved 1124352K
  class space    used 11191K, capacity 12265K, committed 12364K, reserved 1048576K
}
Event: 7.877 GC heap before
{Heap before GC invocations=23 (full 0):
 garbage-first heap   total 175104K, used 129628K [0x0000000080000000, 0x0000000100000000)
  region size 1024K, 61 young (62464K), 7 survivors (7168K)
 Metaspace       used 84767K, capacity 87476K, committed 87808K, reserved 1124352K
  class space    used 11201K, capacity 12256K, committed 12364K, reserved 1048576K
}
Event: 7.883 GC heap after
{Heap after GC invocations=24 (full 0):
 garbage-first heap   total 175104K, used 79658K [0x0000000080000000, 0x0000000100000000)
  region size 1024K, 7 young (7168K), 7 survivors (7168K)
 Metaspace       used 84767K, capacity 87476K, committed 87808K, reserved 1124352K
  class space    used 11201K, capacity 12256K, committed 12364K, reserved 1048576K
}
Event: 8.042 GC heap before
{Heap before GC invocations=24 (full 0):
 garbage-first heap   total 175104K, used 133930K [0x0000000080000000, 0x0000000100000000)
  region size 1024K, 61 young (62464K), 7 survivors (7168K)
 Metaspace       used 84996K, capacity 87756K, committed 88064K, reserved 1124352K
  class space    used 11216K, capacity 12271K, committed 12364K, reserved 1048576K
}
Event: 8.047 GC heap after
{Heap after GC invocations=25 (full 0):
 garbage-first heap   total 175104K, used 83391K [0x0000000080000000, 0x0000000100000000)
  region size 1024K, 5 young (5120K), 5 survivors (5120K)
 Metaspace       used 84996K, capacity 87756K, committed 88064K, reserved 1124352K
  class space    used 11216K, capacity 12271K, committed 12364K, reserved 1048576K
}
Event: 8.231 GC heap before
{Heap before GC invocations=25 (full 0):
 garbage-first heap   total 175104K, used 136639K [0x0000000080000000, 0x0000000100000000)
  region size 1024K, 58 young (59392K), 5 survivors (5120K)
 Metaspace       used 86760K, capacity 89653K, committed 89728K, reserved 1126400K
  class space    used 11400K, capacity 12463K, committed 12492K, reserved 1048576K
}
Event: 8.237 GC heap after
{Heap after GC invocations=26 (full 0):
 garbage-first heap   total 175104K, used 85864K [0x0000000080000000, 0x0000000100000000)
  region size 1024K, 7 young (7168K), 7 survivors (7168K)
 Metaspace       used 86760K, capacity 89653K, committed 89728K, reserved 1126400K
  class space    used 11400K, capacity 12463K, committed 12492K, reserved 1048576K
}
Event: 8.363 GC heap before
{Heap before GC invocations=27 (full 0):
 garbage-first heap   total 175104K, used 139112K [0x0000000080000000, 0x0000000100000000)
  region size 1024K, 60 young (61440K), 7 survivors (7168K)
 Metaspace       used 87324K, capacity 89664K, committed 91264K, reserved 1128448K
  class space    used 11315K, capacity 12172K, committed 12748K, reserved 1048576K
}
Event: 8.370 GC heap after
{Heap after GC invocations=28 (full 0):
 garbage-first heap   total 210944K, used 88947K [0x0000000080000000, 0x0000000100000000)
  region size 1024K, 6 young (6144K), 6 survivors (6144K)
 Metaspace       used 87324K, capacity 89664K, committed 91264K, reserved 1128448K
  class space    used 11315K, capacity 12172K, committed 12748K, reserved 1048576K
}
Event: 8.531 GC heap before
{Heap before GC invocations=28 (full 0):
 garbage-first heap   total 210944K, used 160627K [0x0000000080000000, 0x0000000100000000)
  region size 1024K, 77 young (78848K), 6 survivors (6144K)
 Metaspace       used 90745K, capacity 93024K, committed 94464K, reserved 1130496K
  class space    used 11756K, capacity 12588K, committed 13132K, reserved 1048576K
}
Event: 8.537 GC heap after
{Heap after GC invocations=29 (full 0):
 garbage-first heap   total 210944K, used 96244K [0x0000000080000000, 0x0000000100000000)
  region size 1024K, 10 young (10240K), 10 survivors (10240K)
 Metaspace       used 90745K, capacity 93024K, committed 94464K, reserved 1130496K
  class space    used 11756K, capacity 12588K, committed 13132K, reserved 1048576K
}
Event: 8.762 GC heap before
{Heap before GC invocations=29 (full 0):
 garbage-first heap   total 210944K, used 163828K [0x0000000080000000, 0x0000000100000000)
  region size 1024K, 77 young (78848K), 10 survivors (10240K)
 Metaspace       used 95193K, capacity 97640K, committed 98816K, reserved 1134592K
  class space    used 12320K, capacity 13258K, committed 13644K, reserved 1048576K
}
Event: 8.771 GC heap after
{Heap after GC invocations=30 (full 0):
 garbage-first heap   total 210944K, used 105641K [0x0000000080000000, 0x0000000100000000)
  region size 1024K, 10 young (10240K), 10 survivors (10240K)
 Metaspace       used 95193K, capacity 97640K, committed 98816K, reserved 1134592K
  class space    used 12320K, capacity 13258K, committed 13644K, reserved 1048576K
}
Event: 8.931 GC heap before
{Heap before GC invocations=30 (full 0):
 garbage-first heap   total 210944K, used 166057K [0x0000000080000000, 0x0000000100000000)
  region size 1024K, 70 young (71680K), 10 survivors (10240K)
 Metaspace       used 97926K, capacity 100599K, committed 101120K, reserved 1136640K
  class space    used 12745K, capacity 13784K, committed 13900K, reserved 1048576K
}
Event: 8.950 GC heap after
{Heap after GC invocations=31 (full 0):
 garbage-first heap   total 210944K, used 116135K [0x0000000080000000, 0x0000000100000000)
  region size 1024K, 9 young (9216K), 9 survivors (9216K)
 Metaspace       used 97926K, capacity 100599K, committed 101120K, reserved 1136640K
  class space    used 12745K, capacity 13784K, committed 13900K, reserved 1048576K
}
Event: 9.131 GC heap before
{Heap before GC invocations=32 (full 0):
 garbage-first heap   total 210944K, used 169383K [0x0000000080000000, 0x0000000100000000)
  region size 1024K, 61 young (62464K), 9 survivors (9216K)
 Metaspace       used 101118K, capacity 103962K, committed 104320K, reserved 1138688K
  class space    used 13279K, capacity 14411K, committed 14540K, reserved 1048576K
}

